{
  "stats": {
    "suites": 22,
    "tests": 22,
    "passes": 4,
    "pending": 0,
    "failures": 18,
    "start": "2025-03-15T00:39:41.869Z",
    "end": "2025-03-15T00:40:02.556Z",
    "duration": 20687,
    "testsRegistered": 22,
    "passPercent": 18.181818181818183,
    "pendingPercent": 0,
    "other": 0,
    "hasOther": false,
    "skipped": 0,
    "hasSkipped": false
  },
  "results": [
    {
      "uuid": "71909d3f-f941-405a-a11c-822d81f45079",
      "title": "",
      "fullFile": "cypress/integration/uniresolver_spec.js",
      "file": "cypress/integration/uniresolver_spec.js",
      "beforeHooks": [],
      "afterHooks": [],
      "tests": [],
      "suites": [
        {
          "uuid": "2be5c1be-7fd6-495d-afb1-0b4a16c2b982",
          "title": "Test Scenario 1: DID Resolution Result fixtures: https://dev.uniresolver.io/1.0/identifiers/",
          "fullFile": "",
          "file": "",
          "beforeHooks": [],
          "afterHooks": [],
          "tests": [
            {
              "title": "A correct DID can be resolved",
              "fullTitle": "Test Scenario 1: DID Resolution Result fixtures: https://dev.uniresolver.io/1.0/identifiers/ A correct DID can be resolved",
              "timedOut": null,
              "duration": 553,
              "state": "failed",
              "speed": null,
              "pass": false,
              "fail": true,
              "pending": false,
              "context": null,
              "code": "cy.clearCookies();\ncy.fixture(path_example_dids).its(\"normalDids\").then(list => {\n  Object.keys(list).forEach(key => {\n    const normalDid = list[key];\n    cy.request({\n      method: \"GET\",\n      url: endpoint + normalDid,\n      failOnStatusCode: false\n    }).as(\"request\");\n    cy.get(\"@request\").then(response => {\n      expect(response.status).to.eq(200);\n    });\n    cy.get(\"@request\").then(response => {\n      expect(response.headers[\"content-type\"].replace(/\\s+/g, \"\")).contains('application/ld+json;profile=\"https://w3id.org/did-resolution');\n    });\n    cy.get(\"@request\").then(response => {\n      expect(response).to.be.a(\"object\");\n    });\n    cy.get(\"@request\").then(response => {\n      expect(response.body).to.have.property(\"didDocument\");\n    });\n    cy.get(\"@request\").then(response => {\n      expect(response.body).to.have.property(\"didResolutionMetadata\");\n    });\n    cy.get(\"@request\").then(response => {\n      expect(response.body).to.have.property(\"didDocumentMetadata\");\n    });\n    cy.get(\"@request\").then(response => {\n      expect(response.body.didDocument.id).to.be.a(\"string\").and.satisfy(msg => msg.startsWith(\"did:\"));\n    });\n  });\n});",
              "err": {
                "message": "AssertionError: expected 404 to equal 200",
                "estack": "AssertionError: expected 404 to equal 200\n    at Context.eval (http://localhost:46169/__cypress/tests?p=cypress/integration/uniresolver_spec.js:116:40)",
                "diff": "- 404\n+ 200\n"
              },
              "uuid": "bb8ee53f-b7d1-44af-aa70-fd4ea36b8bf0",
              "parentUUID": "2be5c1be-7fd6-495d-afb1-0b4a16c2b982",
              "isHook": false,
              "skipped": false
            }
          ],
          "suites": [],
          "passes": [],
          "failures": [
            "bb8ee53f-b7d1-44af-aa70-fd4ea36b8bf0"
          ],
          "pending": [],
          "skipped": [],
          "duration": 553,
          "root": false,
          "rootEmpty": false,
          "_timeout": 2000
        },
        {
          "uuid": "0ed0d358-d5b1-4d1e-9dd6-a489d484b5fc",
          "title": "Test Scenario 2: JSON-LD DID document",
          "fullFile": "",
          "file": "",
          "beforeHooks": [],
          "afterHooks": [],
          "tests": [
            {
              "title": "A correct DID can be resolved with header input",
              "fullTitle": "Test Scenario 2: JSON-LD DID document A correct DID can be resolved with header input",
              "timedOut": null,
              "duration": 139,
              "state": "failed",
              "speed": null,
              "pass": false,
              "fail": true,
              "pending": false,
              "context": null,
              "code": "cy.fixture(path_example_dids).its(\"normalDids\").then(list => {\n  Object.keys(list).forEach(key => {\n    const normalDid = list[key];\n    cy.request({\n      method: \"GET\",\n      url: endpoint + normalDid,\n      headers: {\n        Accept: \"application/did+ld+json\"\n      },\n      failOnStatusCode: false\n    }).as(\"request\");\n    cy.get(\"@request\").then(response => {\n      expect(response.status).to.eq(200);\n      expect(response.headers[\"content-type\"]).to.contain(\"application/did+ld+json\");\n      cy.get(\"@request\").then(response => {\n        expect(response).to.be.a(\"object\");\n      });\n      expect(response.body).not.to.have.property(\"didDocument\");\n      expect(response.body[\"id\"]).to.contain(normalDid);\n    });\n  });\n});",
              "err": {
                "message": "AssertionError: expected 404 to equal 200",
                "estack": "AssertionError: expected 404 to equal 200\n    at Context.eval (http://localhost:46169/__cypress/tests?p=cypress/integration/uniresolver_spec.js:157:40)",
                "diff": "- 404\n+ 200\n"
              },
              "uuid": "8cf8d0f8-0249-4477-996b-915fefa8ffff",
              "parentUUID": "0ed0d358-d5b1-4d1e-9dd6-a489d484b5fc",
              "isHook": false,
              "skipped": false
            }
          ],
          "suites": [],
          "passes": [],
          "failures": [
            "8cf8d0f8-0249-4477-996b-915fefa8ffff"
          ],
          "pending": [],
          "skipped": [],
          "duration": 139,
          "root": false,
          "rootEmpty": false,
          "_timeout": 2000
        },
        {
          "uuid": "228ce550-608b-40f9-b77d-e14b077456de",
          "title": "Test Scenario 3: Representation not supported",
          "fullFile": "",
          "file": "",
          "beforeHooks": [],
          "afterHooks": [],
          "tests": [
            {
              "title": "Shows an error when a representation is prompted",
              "fullTitle": "Test Scenario 3: Representation not supported Shows an error when a representation is prompted",
              "timedOut": null,
              "duration": 133,
              "state": "failed",
              "speed": null,
              "pass": false,
              "fail": true,
              "pending": false,
              "context": null,
              "code": "cy.fixture(path_example_dids).its(\"normalDids\").then(list => {\n  Object.keys(list).forEach(key => {\n    const normalDid = list[key];\n    cy.request({\n      method: \"GET\",\n      url: endpoint + normalDid,\n      headers: {\n        Accept: \"image/png\"\n      },\n      failOnStatusCode: false\n    }).then(response => {\n      expect(response.status).to.eq(406);\n      console.log(response);\n      expect(response.body.dereferencingMetadata.error).to.eq('\"representationNotSupported\"');\n    });\n  });\n});",
              "err": {
                "message": "AssertionError: expected 404 to equal 406",
                "estack": "AssertionError: expected 404 to equal 406\n    at Context.eval (http://localhost:46169/__cypress/tests?p=cypress/integration/uniresolver_spec.js:211:40)",
                "diff": "- 404\n+ 406\n"
              },
              "uuid": "05288873-c673-45e0-b0de-106995a641c6",
              "parentUUID": "228ce550-608b-40f9-b77d-e14b077456de",
              "isHook": false,
              "skipped": false
            }
          ],
          "suites": [],
          "passes": [],
          "failures": [
            "05288873-c673-45e0-b0de-106995a641c6"
          ],
          "pending": [],
          "skipped": [],
          "duration": 133,
          "root": false,
          "rootEmpty": false,
          "_timeout": 2000
        },
        {
          "uuid": "31aa7f75-7bad-4a0e-b7d2-bb7685538c0a",
          "title": "Test Scenario 4: Deactivated",
          "fullFile": "",
          "file": "",
          "beforeHooks": [],
          "afterHooks": [],
          "tests": [
            {
              "title": "Returns an HTTP code of 410 for deactivated DIDs",
              "fullTitle": "Test Scenario 4: Deactivated Returns an HTTP code of 410 for deactivated DIDs",
              "timedOut": null,
              "duration": 993,
              "state": "failed",
              "speed": null,
              "pass": false,
              "fail": true,
              "pending": false,
              "context": null,
              "code": "cy.fixture(path_example_dids).its(\"deacDids\").then(list => {\n  Object.keys(list).forEach(key => {\n    const deacDid = list[key];\n    cy.request({\n      method: \"GET\",\n      url: endpoint + deacDid,\n      failOnStatusCode: false\n    }).then(response => {\n      expect(response.status).to.eq(410);\n      expect(response).to.be.a(\"object\");\n      expect(response.headers[\"content-type\"]).to.contain('application/ld+json;profile=\"https://w3id.org/did-resolution\"');\n      expect(response.body.didDocumentMetadata.deactivated).to.eq(true);\n    });\n  });\n});",
              "err": {
                "message": "AssertionError: expected 404 to equal 410",
                "estack": "AssertionError: expected 404 to equal 410\n    at Context.eval (http://localhost:46169/__cypress/tests?p=cypress/integration/uniresolver_spec.js:232:40)",
                "diff": "- 404\n+ 410\n"
              },
              "uuid": "a4d2e1fd-cd60-4ca4-8a41-f9d3b9646b74",
              "parentUUID": "31aa7f75-7bad-4a0e-b7d2-bb7685538c0a",
              "isHook": false,
              "skipped": false
            }
          ],
          "suites": [],
          "passes": [],
          "failures": [
            "a4d2e1fd-cd60-4ca4-8a41-f9d3b9646b74"
          ],
          "pending": [],
          "skipped": [],
          "duration": 993,
          "root": false,
          "rootEmpty": false,
          "_timeout": 2000
        },
        {
          "uuid": "e2a6c40e-7650-4bbd-b4b8-18d87e665784",
          "title": "Test Scenario 5: Not found",
          "fullFile": "",
          "file": "",
          "beforeHooks": [],
          "afterHooks": [],
          "tests": [
            {
              "title": "Returns an HTTP code of 404 for non-existent DIDs",
              "fullTitle": "Test Scenario 5: Not found Returns an HTTP code of 404 for non-existent DIDs",
              "timedOut": null,
              "duration": 90,
              "state": "failed",
              "speed": null,
              "pass": false,
              "fail": true,
              "pending": false,
              "context": null,
              "code": "cy.fixture(path_example_dids).its(\"nonExisDids\").then(list => {\n  Object.keys(list).forEach(key => {\n    const nonExDid = list[key];\n    cy.request({\n      method: \"GET\",\n      url: endpoint + nonExDid,\n      failOnStatusCode: false\n    }).then(response => {\n      expect(response.status).to.eq(404);\n      expect(response.headers[\"content-type\"]).to.contain('application/ld+json;profile=\"https://w3id.org/did-resolution\"');\n      expect(response).to.be.a(\"object\");\n      expect(response.body.didResolutionMetadata.error).to.eq(\"notFound\");\n    });\n  });\n});",
              "err": {
                "message": "AssertionError: expected 501 to equal 404",
                "estack": "AssertionError: expected 501 to equal 404\n    at Context.eval (http://localhost:46169/__cypress/tests?p=cypress/integration/uniresolver_spec.js:254:40)",
                "diff": "- 501\n+ 404\n"
              },
              "uuid": "862ff7bd-21ad-4668-b5b5-9a289defbc46",
              "parentUUID": "e2a6c40e-7650-4bbd-b4b8-18d87e665784",
              "isHook": false,
              "skipped": false
            }
          ],
          "suites": [],
          "passes": [],
          "failures": [
            "862ff7bd-21ad-4668-b5b5-9a289defbc46"
          ],
          "pending": [],
          "skipped": [],
          "duration": 90,
          "root": false,
          "rootEmpty": false,
          "_timeout": 2000
        },
        {
          "uuid": "48e9d6d2-5d2d-428b-b583-2d5d1b543557",
          "title": "Test Scenario 6A: Invalid DID",
          "fullFile": "",
          "file": "",
          "beforeHooks": [],
          "afterHooks": [],
          "tests": [
            {
              "title": "Returns a HTTP code of 400 for an invalid DID",
              "fullTitle": "Test Scenario 6A: Invalid DID Returns a HTTP code of 400 for an invalid DID",
              "timedOut": null,
              "duration": 162,
              "state": "passed",
              "speed": "fast",
              "pass": true,
              "fail": false,
              "pending": false,
              "context": null,
              "code": "cy.fixture(path_example_dids).its(\"invalidDids\").then(list => {\n  Object.keys(list).forEach(key => {\n    const invalidDid = list[key];\n    cy.request({\n      method: \"GET\",\n      url: endpoint + invalidDid,\n      failOnStatusCode: false\n    }).then(response => {\n      expect(response.status).to.eq(400);\n      expect(response.headers[\"content-type\"]).to.contain('application/ld+json;profile=\"https://w3id.org/did-resolution\"');\n      expect(response).to.be.a(\"object\");\n      expect(response.body.didResolutionMetadata.error).contains(\"invalidDid\");\n    });\n  });\n});",
              "err": {},
              "uuid": "af9b81e8-5c51-4556-907a-72a3f8003fb7",
              "parentUUID": "48e9d6d2-5d2d-428b-b583-2d5d1b543557",
              "isHook": false,
              "skipped": false
            }
          ],
          "suites": [],
          "passes": [
            "af9b81e8-5c51-4556-907a-72a3f8003fb7"
          ],
          "failures": [],
          "pending": [],
          "skipped": [],
          "duration": 162,
          "root": false,
          "rootEmpty": false,
          "_timeout": 2000
        },
        {
          "uuid": "18f60483-795c-4937-9fdf-d5492780c89b",
          "title": "Test Scenario 6B: method not supported DIDs",
          "fullFile": "",
          "file": "",
          "beforeHooks": [],
          "afterHooks": [],
          "tests": [
            {
              "title": "Raises an error for unsupported DID methods",
              "fullTitle": "Test Scenario 6B: method not supported DIDs Raises an error for unsupported DID methods",
              "timedOut": null,
              "duration": 90,
              "state": "failed",
              "speed": null,
              "pass": false,
              "fail": true,
              "pending": false,
              "context": null,
              "code": "cy.fixture(path_example_dids).its(\"methodNotSupportedDids\").then(list => {\n  Object.keys(list).forEach(key => {\n    const invalidDid = list[key];\n    cy.request({\n      method: \"GET\",\n      url: endpoint + invalidDid,\n      failOnStatusCode: false\n    }).then(response => {\n      expect(response.body.didResolutionMetadata.error).contains(\"methodNotSupported\");\n      expect(response).to.be.a(\"object\"); // todo: should this be 404 or 400?\n      expect(response.status).to.eq(400); // returns 501\n      expect(response.headers[\"content-type\"]).to.contain('application/ld+json;profile=\"https://w3id.org/did-resolution\"');\n    });\n  });\n});",
              "err": {
                "message": "AssertionError: expected 501 to equal 400",
                "estack": "AssertionError: expected 501 to equal 400\n    at Context.eval (http://localhost:46169/__cypress/tests?p=cypress/integration/uniresolver_spec.js:301:40)",
                "diff": "- 501\n+ 400\n"
              },
              "uuid": "7480ba8f-6c11-48ae-92bf-ce76ada48e31",
              "parentUUID": "18f60483-795c-4937-9fdf-d5492780c89b",
              "isHook": false,
              "skipped": false
            }
          ],
          "suites": [],
          "passes": [],
          "failures": [
            "7480ba8f-6c11-48ae-92bf-ce76ada48e31"
          ],
          "pending": [],
          "skipped": [],
          "duration": 90,
          "root": false,
          "rootEmpty": false,
          "_timeout": 2000
        },
        {
          "uuid": "76c1dc89-b2eb-4362-a85e-3a1aacc23132",
          "title": "Test Scenario 6C: invalid verificationMethod.id",
          "fullFile": "",
          "file": "",
          "beforeHooks": [],
          "afterHooks": [],
          "tests": [
            {
              "title": "Raises error when verificationMethod.id is invalid",
              "fullTitle": "Test Scenario 6C: invalid verificationMethod.id Raises error when verificationMethod.id is invalid",
              "timedOut": null,
              "duration": 514,
              "state": "failed",
              "speed": null,
              "pass": false,
              "fail": true,
              "pending": false,
              "context": null,
              "code": "cy.fixture(path_example_dids).its(\"invalidVerificationMethodId\").then(list => {\n  Object.keys(list).forEach(key => {\n    const invalidDid = list[key];\n    cy.request({\n      method: \"GET\",\n      url: endpoint + invalidDid,\n      failOnStatusCode: false\n    }).then(response => {\n      expect(response).to.be.a(\"object\");\n      expect(response.headers[\"content-type\"]).to.contain('application/ld+json;profile=\"https://w3id.org/did-resolution\"'); // todo: should this be 404 or 400?\n      expect(response.status).to.eq(400); // return 200\n      expect(response.body.didResolutionMetadata.error).contains(\"invalidDidUrl\"); // doesn't exist\n    });\n  });\n});",
              "err": {
                "message": "AssertionError: expected 200 to equal 400",
                "estack": "AssertionError: expected 200 to equal 400\n    at Context.eval (http://localhost:46169/__cypress/tests?p=cypress/integration/uniresolver_spec.js:326:40)",
                "diff": "- 200\n+ 400\n"
              },
              "uuid": "2bcd9d23-a005-4fab-bab6-1609d42ec5c6",
              "parentUUID": "76c1dc89-b2eb-4362-a85e-3a1aacc23132",
              "isHook": false,
              "skipped": false
            }
          ],
          "suites": [],
          "passes": [],
          "failures": [
            "2bcd9d23-a005-4fab-bab6-1609d42ec5c6"
          ],
          "pending": [],
          "skipped": [],
          "duration": 514,
          "root": false,
          "rootEmpty": false,
          "_timeout": 2000
        },
        {
          "uuid": "49ae35f1-a202-496c-81ae-fb682103c6da",
          "title": "Test Scenario 6D: invalid verificationMethod.controller",
          "fullFile": "",
          "file": "",
          "beforeHooks": [],
          "afterHooks": [],
          "tests": [
            {
              "title": "Raises error when verificationMethod.controller is invalid",
              "fullTitle": "Test Scenario 6D: invalid verificationMethod.controller Raises error when verificationMethod.controller is invalid",
              "timedOut": null,
              "duration": 206,
              "state": "failed",
              "speed": null,
              "pass": false,
              "fail": true,
              "pending": false,
              "context": null,
              "code": "cy.fixture(path_example_dids).its(\"invalidVerificationMethodController\").then(list => {\n  Object.keys(list).forEach(key => {\n    const invalidDid = list[key];\n    cy.request({\n      method: \"GET\",\n      url: endpoint + invalidDid,\n      failOnStatusCode: false\n    }).then(response => {\n      expect(response).to.be.a(\"object\");\n      expect(response.headers[\"content-type\"]).to.contain('application/ld+json;profile=\"https://w3id.org/did-resolution\"'); // todo: should this be 404 or 400?\n      expect(response.status).to.eq(400); // returns 200\n      expect(response.body.didResolutionMetadata.error).contains(\"invalidDid\"); // doesn't exist\n    });\n  });\n});",
              "err": {
                "message": "AssertionError: expected 200 to equal 400",
                "estack": "AssertionError: expected 200 to equal 400\n    at Context.eval (http://localhost:46169/__cypress/tests?p=cypress/integration/uniresolver_spec.js:350:40)",
                "diff": "- 200\n+ 400\n"
              },
              "uuid": "f786507a-b35b-4328-9399-d59a4501af20",
              "parentUUID": "49ae35f1-a202-496c-81ae-fb682103c6da",
              "isHook": false,
              "skipped": false
            }
          ],
          "suites": [],
          "passes": [],
          "failures": [
            "f786507a-b35b-4328-9399-d59a4501af20"
          ],
          "pending": [],
          "skipped": [],
          "duration": 206,
          "root": false,
          "rootEmpty": false,
          "_timeout": 2000
        },
        {
          "uuid": "b70d3b6c-7447-4198-ae41-e7bf3809063d",
          "title": "Test Scenario 6E: invalid didDocument.id",
          "fullFile": "",
          "file": "",
          "beforeHooks": [],
          "afterHooks": [],
          "tests": [
            {
              "title": "Raises error when didDocument.id is invalid",
              "fullTitle": "Test Scenario 6E: invalid didDocument.id Raises error when didDocument.id is invalid",
              "timedOut": null,
              "duration": 94,
              "state": "passed",
              "speed": "fast",
              "pass": true,
              "fail": false,
              "pending": false,
              "context": null,
              "code": "cy.fixture(path_example_dids).its(\"invalidDidDocumentId\").then(list => {\n  Object.keys(list).forEach(key => {\n    const invalidDid = list[key];\n    cy.request({\n      method: \"GET\",\n      url: endpoint + invalidDid,\n      failOnStatusCode: false\n    }).then(response => {\n      expect(response).to.be.a(\"object\");\n      expect(response.headers[\"content-type\"]).to.contain('application/ld+json;profile=\"https://w3id.org/did-resolution\"');\n      expect(response.status).to.eq(400);\n      expect(response.body.didResolutionMetadata.error).contains(\"invalidDid\");\n    });\n  });\n});",
              "err": {},
              "uuid": "cdc2aa12-8ba0-4c6f-b97e-e5d76c0a8889",
              "parentUUID": "b70d3b6c-7447-4198-ae41-e7bf3809063d",
              "isHook": false,
              "skipped": false
            }
          ],
          "suites": [],
          "passes": [
            "cdc2aa12-8ba0-4c6f-b97e-e5d76c0a8889"
          ],
          "failures": [],
          "pending": [],
          "skipped": [],
          "duration": 94,
          "root": false,
          "rootEmpty": false,
          "_timeout": 2000
        },
        {
          "uuid": "f0ac4fb3-6120-46ff-b5a1-83b3f8af79aa",
          "title": "Test Scenario 6F: Invalid didDocument scheme",
          "fullFile": "",
          "file": "",
          "beforeHooks": [],
          "afterHooks": [],
          "tests": [
            {
              "title": "Raises invalidDid error when if scheme is not did",
              "fullTitle": "Test Scenario 6F: Invalid didDocument scheme Raises invalidDid error when if scheme is not did",
              "timedOut": null,
              "duration": 76,
              "state": "passed",
              "speed": "fast",
              "pass": true,
              "fail": false,
              "pending": false,
              "context": null,
              "code": "cy.fixture(path_example_dids).its(\"invalidDidScheme\").then(list => {\n  Object.keys(list).forEach(key => {\n    const invalidDid = list[key];\n    cy.request({\n      method: \"GET\",\n      url: endpoint + invalidDid,\n      failOnStatusCode: false\n    }).then(response => {\n      expect(response).to.be.a(\"object\");\n      expect(response.headers[\"content-type\"]).to.contain('application/ld+json;profile=\"https://w3id.org/did-resolution\"');\n      expect(response.status).to.eq(400);\n      expect(response.body.didResolutionMetadata.error).contains(\"invalidDid\");\n    });\n  });\n});",
              "err": {},
              "uuid": "2f83c12c-e652-4d90-b6d5-1b8c3fc580ff",
              "parentUUID": "f0ac4fb3-6120-46ff-b5a1-83b3f8af79aa",
              "isHook": false,
              "skipped": false
            }
          ],
          "suites": [],
          "passes": [
            "2f83c12c-e652-4d90-b6d5-1b8c3fc580ff"
          ],
          "failures": [],
          "pending": [],
          "skipped": [],
          "duration": 76,
          "root": false,
          "rootEmpty": false,
          "_timeout": 2000
        },
        {
          "uuid": "33864c19-a811-4754-bc80-fd429d07c3a6",
          "title": "Test Scenario 6G: notAllowedLocalDerivedKey error/warning",
          "fullFile": "",
          "file": "",
          "beforeHooks": [],
          "afterHooks": [],
          "tests": [
            {
              "title": "Raises notAllowedLocalDerivedKey error when did is incorrect",
              "fullTitle": "Test Scenario 6G: notAllowedLocalDerivedKey error/warning Raises notAllowedLocalDerivedKey error when did is incorrect",
              "timedOut": null,
              "duration": 512,
              "state": "failed",
              "speed": null,
              "pass": false,
              "fail": true,
              "pending": false,
              "context": null,
              "code": "cy.fixture(path_example_dids).its(\"notAllowedLocalDerivedKey\").then(list => {\n  Object.keys(list).forEach(key => {\n    const invalidDid = list[key];\n    cy.request({\n      method: \"GET\",\n      url: endpoint + invalidDid,\n      failOnStatusCode: false\n    }).then(response => {\n      expect(response).to.be.a(\"object\");\n      expect(response.headers[\"content-type\"]).to.contain('application/ld+json;profile=\"https://w3id.org/did-resolution\"');\n      expect(response.status).to.eq(400);\n      expect(response.body.didResolutionMetadata.error).contains(\"notAllowedLocalDerivedKey\");\n    });\n  });\n});",
              "err": {
                "message": "AssertionError: expected 200 to equal 400",
                "estack": "AssertionError: expected 200 to equal 400\n    at Context.eval (http://localhost:46169/__cypress/tests?p=cypress/integration/uniresolver_spec.js:417:40)",
                "diff": "- 200\n+ 400\n"
              },
              "uuid": "592d13be-a838-4594-80e8-89b62777f59d",
              "parentUUID": "33864c19-a811-4754-bc80-fd429d07c3a6",
              "isHook": false,
              "skipped": false
            }
          ],
          "suites": [],
          "passes": [],
          "failures": [
            "592d13be-a838-4594-80e8-89b62777f59d"
          ],
          "pending": [],
          "skipped": [],
          "duration": 512,
          "root": false,
          "rootEmpty": false,
          "_timeout": 2000
        },
        {
          "uuid": "baca01a5-e6e9-4f6b-9cf8-daf472f29cca",
          "title": "Test Scenario 6H: notAllowedLocalDuplicateKey error/warning",
          "fullFile": "",
          "file": "",
          "beforeHooks": [],
          "afterHooks": [],
          "tests": [
            {
              "title": "Raises notAllowedLocalDuplicateKey error when did is incorrect",
              "fullTitle": "Test Scenario 6H: notAllowedLocalDuplicateKey error/warning Raises notAllowedLocalDuplicateKey error when did is incorrect",
              "timedOut": null,
              "duration": 99,
              "state": "failed",
              "speed": null,
              "pass": false,
              "fail": true,
              "pending": false,
              "context": null,
              "code": "cy.fixture(path_example_dids).its(\"invalidDidDocumentId\").then(list => {\n  Object.keys(list).forEach(key => {\n    const invalidDid = list[key];\n    cy.request({\n      method: \"GET\",\n      url: endpoint + invalidDid,\n      failOnStatusCode: false\n    }).then(response => {\n      expect(response).to.be.a(\"object\");\n      expect(response.headers[\"content-type\"]).to.contain('application/ld+json;profile=\"https://w3id.org/did-resolution\"');\n      expect(response.status).to.eq(400);\n      expect(response.body.didResolutionMetadata.error).contains(\"notAllowedLocalDuplicateKey\");\n    });\n  });\n});",
              "err": {
                "message": "AssertionError: expected 'invalidDid' to include 'notAllowedLocalDuplicateKey'",
                "estack": "AssertionError: expected 'invalidDid' to include 'notAllowedLocalDuplicateKey'\n    at Context.eval (http://localhost:46169/__cypress/tests?p=cypress/integration/uniresolver_spec.js:440:63)",
                "diff": null
              },
              "uuid": "e6dfa8ad-8708-4c0d-8c9e-abcc80bd8ba9",
              "parentUUID": "baca01a5-e6e9-4f6b-9cf8-daf472f29cca",
              "isHook": false,
              "skipped": false
            }
          ],
          "suites": [],
          "passes": [],
          "failures": [
            "e6dfa8ad-8708-4c0d-8c9e-abcc80bd8ba9"
          ],
          "pending": [],
          "skipped": [],
          "duration": 99,
          "root": false,
          "rootEmpty": false,
          "_timeout": 2000
        },
        {
          "uuid": "fb1b17e0-3b44-4a6a-b247-1d351ce2f875",
          "title": "Test Scenario 6I: notAllowedKeyType error/warning",
          "fullFile": "",
          "file": "",
          "beforeHooks": [],
          "afterHooks": [],
          "tests": [
            {
              "title": "Raises notAllowedKeyType error when did is incorrect",
              "fullTitle": "Test Scenario 6I: notAllowedKeyType error/warning Raises notAllowedKeyType error when did is incorrect",
              "timedOut": null,
              "duration": 100,
              "state": "failed",
              "speed": null,
              "pass": false,
              "fail": true,
              "pending": false,
              "context": null,
              "code": "cy.fixture(path_example_dids).its(\"invalidDidDocumentId\").then(list => {\n  Object.keys(list).forEach(key => {\n    const invalidDid = list[key];\n    cy.request({\n      method: \"GET\",\n      url: endpoint + invalidDid,\n      failOnStatusCode: false\n    }).then(response => {\n      expect(response).to.be.a(\"object\");\n      expect(response.headers[\"content-type\"]).to.contain('application/ld+json;profile=\"https://w3id.org/did-resolution\"');\n      expect(response.status).to.eq(400);\n      expect(response.body.didResolutionMetadata.error).contains(\"notAllowedKeyType\");\n    });\n  });\n});",
              "err": {
                "message": "AssertionError: expected 'invalidDid' to include 'notAllowedKeyType'",
                "estack": "AssertionError: expected 'invalidDid' to include 'notAllowedKeyType'\n    at Context.eval (http://localhost:46169/__cypress/tests?p=cypress/integration/uniresolver_spec.js:462:63)",
                "diff": null
              },
              "uuid": "b0ec2306-0cff-4214-90fd-f96dedd6bb8d",
              "parentUUID": "fb1b17e0-3b44-4a6a-b247-1d351ce2f875",
              "isHook": false,
              "skipped": false
            }
          ],
          "suites": [],
          "passes": [],
          "failures": [
            "b0ec2306-0cff-4214-90fd-f96dedd6bb8d"
          ],
          "pending": [],
          "skipped": [],
          "duration": 100,
          "root": false,
          "rootEmpty": false,
          "_timeout": 2000
        },
        {
          "uuid": "185ea212-1985-44e7-ac93-3a554ed84e07",
          "title": "Test Scenario 6J: notAllowedMethod error/warning",
          "fullFile": "",
          "file": "",
          "beforeHooks": [],
          "afterHooks": [],
          "tests": [
            {
              "title": "Raises notAllowedMethod error when did is incorrect",
              "fullTitle": "Test Scenario 6J: notAllowedMethod error/warning Raises notAllowedMethod error when did is incorrect",
              "timedOut": null,
              "duration": 93,
              "state": "failed",
              "speed": null,
              "pass": false,
              "fail": true,
              "pending": false,
              "context": null,
              "code": "cy.fixture(path_example_dids).its(\"notAllowedMethod\").then(list => {\n  Object.keys(list).forEach(key => {\n    const invalidDid = list[key];\n    cy.request({\n      method: \"GET\",\n      url: endpoint + invalidDid,\n      failOnStatusCode: false\n    }).then(response => {\n      expect(response).to.be.a(\"object\");\n      expect(response.headers[\"content-type\"]).to.contain('application/ld+json;profile=\"https://w3id.org/did-resolution\"');\n      expect(response.status).to.eq(400);\n      expect(response.body.didResolutionMetadata.error).contains(\"notAllowedMethod\");\n    });\n  });\n});",
              "err": {
                "message": "AssertionError: expected 500 to equal 400",
                "estack": "AssertionError: expected 500 to equal 400\n    at Context.eval (http://localhost:46169/__cypress/tests?p=cypress/integration/uniresolver_spec.js:484:40)",
                "diff": "- 500\n+ 400\n"
              },
              "uuid": "c9ebed5f-47ef-4512-b9b8-3082f92d72b8",
              "parentUUID": "185ea212-1985-44e7-ac93-3a554ed84e07",
              "isHook": false,
              "skipped": false
            }
          ],
          "suites": [],
          "passes": [],
          "failures": [
            "c9ebed5f-47ef-4512-b9b8-3082f92d72b8"
          ],
          "pending": [],
          "skipped": [],
          "duration": 93,
          "root": false,
          "rootEmpty": false,
          "_timeout": 2000
        },
        {
          "uuid": "1d65bbff-9bf3-42db-9436-8767b6c112c7",
          "title": "Test Scenario 7: DID URLs with fragments",
          "fullFile": "",
          "file": "",
          "beforeHooks": [],
          "afterHooks": [],
          "tests": [
            {
              "title": "Can resolve a DID with a fragment",
              "fullTitle": "Test Scenario 7: DID URLs with fragments Can resolve a DID with a fragment",
              "timedOut": null,
              "duration": 469,
              "state": "failed",
              "speed": null,
              "pass": false,
              "fail": true,
              "pending": false,
              "context": null,
              "code": "cy.fixture(path_example_dids).its(\"fragmentDids\").then(list => {\n  Object.keys(list).forEach(key => {\n    const fragmentDid = list[key];\n    cy.request({\n      method: \"GET\",\n      url: endpoint + fragmentDid,\n      failOnStatusCode: false,\n      headers: {\n        Accept: \"application/did+ld+json\",\n        Authorization: \"Bearer b082c420-df67-4b06-899c-b7c51d75fba0\"\n      }\n    }).as(\"request\");\n    cy.get(\"@request\").then(response => {\n      expect(response.status).to.eq(200);\n      expect(response.headers[\"content-type\"]).to.contain(\"application/did+ld+json\");\n      expect(response.body).not.to.have.property(\"didDocument\");\n      expect(response.body).to.have.property(\"id\");\n      expect(response.body[\"id\"]).to.contain(decodeURIComponent(fragmentDid.split(\"#\")[0]));\n    });\n  });\n});",
              "err": {
                "message": "AssertionError: expected 'did:sov:WRfXPg8dantKVubE3HX8pw' to include 'did:sov:WRfXPg8dantKVubE3HX8pw#key-1'",
                "estack": "AssertionError: expected 'did:sov:WRfXPg8dantKVubE3HX8pw' to include 'did:sov:WRfXPg8dantKVubE3HX8pw#key-1'\n    at Context.eval (http://localhost:46169/__cypress/tests?p=cypress/integration/uniresolver_spec.js:513:44)",
                "diff": null
              },
              "uuid": "a058090e-dd01-4cc5-920d-690f637767b5",
              "parentUUID": "1d65bbff-9bf3-42db-9436-8767b6c112c7",
              "isHook": false,
              "skipped": false
            }
          ],
          "suites": [],
          "passes": [],
          "failures": [
            "a058090e-dd01-4cc5-920d-690f637767b5"
          ],
          "pending": [],
          "skipped": [],
          "duration": 469,
          "root": false,
          "rootEmpty": false,
          "_timeout": 2000
        },
        {
          "uuid": "640d1514-0482-44d7-952c-d4f8c85a7ab9",
          "title": "Test Scenario 8: Service and relativeRef parameters",
          "fullFile": "",
          "file": "",
          "beforeHooks": [],
          "afterHooks": [],
          "tests": [
            {
              "title": "Fetches DID",
              "fullTitle": "Test Scenario 8: Service and relativeRef parameters Fetches DID",
              "timedOut": null,
              "duration": 195,
              "state": "passed",
              "speed": "fast",
              "pass": true,
              "fail": false,
              "pending": false,
              "context": null,
              "code": "cy.fixture(path_example_dids).its(\"relativeParamDids\").then(list => {\n  Object.keys(list).forEach(key => {\n    const fragmentDid = list[key];\n    console.log(\"FRAGMENT DID IS\", fragmentDid);\n    cy.request({\n      method: \"GET\",\n      url: endpoint + fragmentDid,\n      headers: {\n        Accept: \"text/uri-list\"\n      },\n      failOnStatusCode: false\n    }).as(\"response\");\n    it(\"MUST return HTTP response status equals 303\", () => {\n      cy.get(\"@response\").then(response => {\n        expect(response.status).to.eq(303);\n      });\n    });\n  });\n});",
              "err": {},
              "uuid": "4b8c0eab-50f6-4d88-b413-b44e0ca80935",
              "parentUUID": "640d1514-0482-44d7-952c-d4f8c85a7ab9",
              "isHook": false,
              "skipped": false
            }
          ],
          "suites": [],
          "passes": [
            "4b8c0eab-50f6-4d88-b413-b44e0ca80935"
          ],
          "failures": [],
          "pending": [],
          "skipped": [],
          "duration": 195,
          "root": false,
          "rootEmpty": false,
          "_timeout": 2000
        },
        {
          "uuid": "89d8c97c-74fa-4850-8f10-1b39d5185dbf",
          "title": "Test Scenario 9: DID URLs with transformKeys",
          "fullFile": "",
          "file": "",
          "beforeHooks": [],
          "afterHooks": [],
          "tests": [
            {
              "title": "MUST return HTTP response status 200",
              "fullTitle": "Test Scenario 9: DID URLs with transformKeys MUST return HTTP response status 200",
              "timedOut": null,
              "duration": 5227,
              "state": "failed",
              "speed": null,
              "pass": false,
              "fail": true,
              "pending": false,
              "context": null,
              "code": "cy.fixture(path_example_dids).its(\"transformKeyDids\").then(list => {\n  Object.keys(list).forEach(key => {\n    const transformKeyDid = list[key];\n    cy.request({\n      method: \"GET\",\n      url: endpoint + transformKeyDid,\n      headers: {\n        Accept: \"application/did+ld+json\",\n        Authorization: \"Bearer b082c420-df67-4b06-899c-b7c51d75fba0\"\n      },\n      failOnStatusCode: false\n    }).as(\"request\");\n    cy.get(\"@request\").then(response => {\n      expect(response.status).to.eq(200);\n      expect(response).to.be.a(\"object\");\n      response.body.verificationMethod.forEach(out => {\n        expect(out).has.property(\"type\").to.be.oneOf([\"JsonWebKey2020\", \"Ed25519VerificationKey2018\", \"X25519KeyAgreementKey2019\"]);\n      });\n      expect(response.headers[\"content-type\"]).contains(\"application/did+ld+json\");\n      expect(response.body).has.property(\"id\", decodeURIComponent(transformKeyDid.split(\"?\")[0].split(\"#\")[0]));\n    });\n  });\n});",
              "err": {
                "message": "CypressError: `cy.request()` timed out waiting `5000ms` for a response from your server.\n\nThe request we sent was:\n\nMethod: GET\nURL: https://dev.uniresolver.io/1.0/identifiers/did:sov:builder:VbPQNHsvoLZdaNU7fTBeFx#key-1\n\nNo response was received within the timeout.\n\nhttps://on.cypress.io/request",
                "estack": "CypressError: `cy.request()` timed out waiting `5000ms` for a response from your server.\n\nThe request we sent was:\n\nMethod: GET\nURL: https://dev.uniresolver.io/1.0/identifiers/did:sov:builder:VbPQNHsvoLZdaNU7fTBeFx#key-1\n\nNo response was received within the timeout.\n\nhttps://on.cypress.io/request\n    at http://localhost:46169/__cypress/runner/cypress_runner.js:160652:78\n    at tryCatcher (http://localhost:46169/__cypress/runner/cypress_runner.js:13022:23)\n    at http://localhost:46169/__cypress/runner/cypress_runner.js:8144:41\n    at tryCatcher (http://localhost:46169/__cypress/runner/cypress_runner.js:13022:23)\n    at Promise._settlePromiseFromHandler (http://localhost:46169/__cypress/runner/cypress_runner.js:10957:31)\n    at Promise._settlePromise (http://localhost:46169/__cypress/runner/cypress_runner.js:11014:18)\n    at Promise._settlePromise0 (http://localhost:46169/__cypress/runner/cypress_runner.js:11059:10)\n    at Promise._settlePromises (http://localhost:46169/__cypress/runner/cypress_runner.js:11135:18)\n    at _drainQueueStep (http://localhost:46169/__cypress/runner/cypress_runner.js:7729:12)\n    at _drainQueue (http://localhost:46169/__cypress/runner/cypress_runner.js:7722:9)\n    at Async.../../node_modules/bluebird/js/release/async.js.Async._drainQueues (http://localhost:46169/__cypress/runner/cypress_runner.js:7738:5)\n    at Async.drainQueues (http://localhost:46169/__cypress/runner/cypress_runner.js:7608:14)\nFrom Your Spec Code:\n    at Context.eval (http://localhost:46169/__cypress/tests?p=cypress/integration/uniresolver_spec.js:570:13)",
                "diff": null
              },
              "uuid": "4a903634-7388-4321-a813-f7dd85f2529d",
              "parentUUID": "89d8c97c-74fa-4850-8f10-1b39d5185dbf",
              "isHook": false,
              "skipped": false
            }
          ],
          "suites": [],
          "passes": [],
          "failures": [
            "4a903634-7388-4321-a813-f7dd85f2529d"
          ],
          "pending": [],
          "skipped": [],
          "duration": 5227,
          "root": false,
          "rootEmpty": false,
          "_timeout": 2000
        },
        {
          "uuid": "02705493-3b88-42f2-915b-bc5653aa272d",
          "title": "Test Scenario 10: DID URLs with versionTime parameter",
          "fullFile": "",
          "file": "",
          "beforeHooks": [],
          "afterHooks": [],
          "tests": [
            {
              "title": "MUST return HTTP response status 200",
              "fullTitle": "Test Scenario 10: DID URLs with versionTime parameter MUST return HTTP response status 200",
              "timedOut": null,
              "duration": 5088,
              "state": "failed",
              "speed": null,
              "pass": false,
              "fail": true,
              "pending": false,
              "context": null,
              "code": "cy.fixture(path_example_dids).its(\"versionTimeDids\").then(list => {\n  Object.keys(list).forEach(key => {\n    const versionTimeDid = list[key];\n    cy.request({\n      method: \"GET\",\n      url: endpoint + versionTimeDid,\n      headers: {\n        Accept: \"application/did+ld+json\",\n        Authorization: \"Bearer b082c420-df67-4b06-899c-b7c51d75fba0\"\n      },\n      failOnStatusCode: false\n    }).as(\"request\");\n    cy.get(\"@request\").then(response => {\n      expect(response.status).to.eq(200);\n      expect(response.headers[\"content-type\"]).contains(\"application/did+ld+json\");\n      expect(response).to.be.a(\"object\");\n      expect(response.body).has.property(\"id\").contains(\"did:sov:DjxRxnL4gXsncbH8jM8ySM\");\n    });\n  });\n});",
              "err": {
                "message": "CypressError: `cy.request()` timed out waiting `5000ms` for a response from your server.\n\nThe request we sent was:\n\nMethod: GET\nURL: https://dev.uniresolver.io/1.0/identifiers/did:sov:DjxRxnL4gXsncbH8jM8ySM?versionTime=2018-12-10T02:22:49Z\n\nNo response was received within the timeout.\n\nhttps://on.cypress.io/request",
                "estack": "CypressError: `cy.request()` timed out waiting `5000ms` for a response from your server.\n\nThe request we sent was:\n\nMethod: GET\nURL: https://dev.uniresolver.io/1.0/identifiers/did:sov:DjxRxnL4gXsncbH8jM8ySM?versionTime=2018-12-10T02:22:49Z\n\nNo response was received within the timeout.\n\nhttps://on.cypress.io/request\n    at http://localhost:46169/__cypress/runner/cypress_runner.js:160652:78\n    at tryCatcher (http://localhost:46169/__cypress/runner/cypress_runner.js:13022:23)\n    at http://localhost:46169/__cypress/runner/cypress_runner.js:8144:41\n    at tryCatcher (http://localhost:46169/__cypress/runner/cypress_runner.js:13022:23)\n    at Promise._settlePromiseFromHandler (http://localhost:46169/__cypress/runner/cypress_runner.js:10957:31)\n    at Promise._settlePromise (http://localhost:46169/__cypress/runner/cypress_runner.js:11014:18)\n    at Promise._settlePromise0 (http://localhost:46169/__cypress/runner/cypress_runner.js:11059:10)\n    at Promise._settlePromises (http://localhost:46169/__cypress/runner/cypress_runner.js:11135:18)\n    at _drainQueueStep (http://localhost:46169/__cypress/runner/cypress_runner.js:7729:12)\n    at _drainQueue (http://localhost:46169/__cypress/runner/cypress_runner.js:7722:9)\n    at Async.../../node_modules/bluebird/js/release/async.js.Async._drainQueues (http://localhost:46169/__cypress/runner/cypress_runner.js:7738:5)\n    at Async.drainQueues (http://localhost:46169/__cypress/runner/cypress_runner.js:7608:14)\nFrom Your Spec Code:\n    at eval (http://localhost:46169/__cypress/tests?p=cypress/integration/uniresolver_spec.js:584:14)\nat Array.forEach (<anonymous>)\n    at Context.eval (http://localhost:46169/__cypress/tests?p=cypress/integration/uniresolver_spec.js:582:27)",
                "diff": null
              },
              "uuid": "f6686571-ed57-4c09-a5db-94adfa65631b",
              "parentUUID": "02705493-3b88-42f2-915b-bc5653aa272d",
              "isHook": false,
              "skipped": false
            }
          ],
          "suites": [],
          "passes": [],
          "failures": [
            "f6686571-ed57-4c09-a5db-94adfa65631b"
          ],
          "pending": [],
          "skipped": [],
          "duration": 5088,
          "root": false,
          "rootEmpty": false,
          "_timeout": 2000
        },
        {
          "uuid": "66708478-edd5-4013-8aa8-e7adb1025fb4",
          "title": "Test Scenario 11: DID URLs with versionId parameter",
          "fullFile": "",
          "file": "",
          "beforeHooks": [],
          "afterHooks": [],
          "tests": [
            {
              "title": "MUST return HTTP response status 200",
              "fullTitle": "Test Scenario 11: DID URLs with versionId parameter MUST return HTTP response status 200",
              "timedOut": null,
              "duration": 5108,
              "state": "failed",
              "speed": null,
              "pass": false,
              "fail": true,
              "pending": false,
              "context": null,
              "code": "cy.fixture(path_example_dids).its(\"versionIdDids\").then(list => {\n  Object.keys(list).forEach(key => {\n    const versionIdDid = list[key];\n    cy.request({\n      method: \"GET\",\n      url: endpoint + versionIdDid,\n      headers: {\n        Accept: \"application/did+ld+json\",\n        Authorization: \"Bearer b082c420-df67-4b06-899c-b7c51d75fba0\"\n      },\n      failOnStatusCode: false\n    }).as(\"request\");\n    cy.get(\"@request\").then(response => {\n      expect(response.status).to.eq(200);\n      expect(response).to.be.a(\"object\");\n      expect(response.headers[\"content-type\"]).contains(\"application/did+ld+json\");\n      expect(response.body).has.property(\"id\").contains(decodeURIComponent(versionIdDid.split(\"?\")[0]));\n    });\n  });\n});",
              "err": {
                "message": "CypressError: `cy.request()` timed out waiting `5000ms` for a response from your server.\n\nThe request we sent was:\n\nMethod: GET\nURL: https://dev.uniresolver.io/1.0/identifiers/did:sov:DjxRxnL4gXsncbH8jM8ySM?versionTime=2018-12-10T02:22:49Z\n\nNo response was received within the timeout.\n\nhttps://on.cypress.io/request",
                "estack": "CypressError: `cy.request()` timed out waiting `5000ms` for a response from your server.\n\nThe request we sent was:\n\nMethod: GET\nURL: https://dev.uniresolver.io/1.0/identifiers/did:sov:DjxRxnL4gXsncbH8jM8ySM?versionTime=2018-12-10T02:22:49Z\n\nNo response was received within the timeout.\n\nhttps://on.cypress.io/request\n    at http://localhost:46169/__cypress/runner/cypress_runner.js:160652:78\n    at tryCatcher (http://localhost:46169/__cypress/runner/cypress_runner.js:13022:23)\n    at http://localhost:46169/__cypress/runner/cypress_runner.js:8144:41\n    at tryCatcher (http://localhost:46169/__cypress/runner/cypress_runner.js:13022:23)\n    at Promise._settlePromiseFromHandler (http://localhost:46169/__cypress/runner/cypress_runner.js:10957:31)\n    at Promise._settlePromise (http://localhost:46169/__cypress/runner/cypress_runner.js:11014:18)\n    at Promise._settlePromise0 (http://localhost:46169/__cypress/runner/cypress_runner.js:11059:10)\n    at Promise._settlePromises (http://localhost:46169/__cypress/runner/cypress_runner.js:11135:18)\n    at _drainQueueStep (http://localhost:46169/__cypress/runner/cypress_runner.js:7729:12)\n    at _drainQueue (http://localhost:46169/__cypress/runner/cypress_runner.js:7722:9)\n    at Async.../../node_modules/bluebird/js/release/async.js.Async._drainQueues (http://localhost:46169/__cypress/runner/cypress_runner.js:7738:5)\n    at Async.drainQueues (http://localhost:46169/__cypress/runner/cypress_runner.js:7608:14)\nFrom Your Spec Code:\n    at eval (http://localhost:46169/__cypress/tests?p=cypress/integration/uniresolver_spec.js:611:14)\nat Array.forEach (<anonymous>)\n    at Context.eval (http://localhost:46169/__cypress/tests?p=cypress/integration/uniresolver_spec.js:609:27)",
                "diff": null
              },
              "uuid": "b2dca5ec-9d76-4d7f-9bdb-5d06be0c907c",
              "parentUUID": "66708478-edd5-4013-8aa8-e7adb1025fb4",
              "isHook": false,
              "skipped": false
            }
          ],
          "suites": [],
          "passes": [],
          "failures": [
            "b2dca5ec-9d76-4d7f-9bdb-5d06be0c907c"
          ],
          "pending": [],
          "skipped": [],
          "duration": 5108,
          "root": false,
          "rootEmpty": false,
          "_timeout": 2000
        },
        {
          "uuid": "02d46977-9e3f-460b-8abe-66f93e65aa6d",
          "title": "Test Scenario 12: Resolve a DID / dereference a DID URL",
          "fullFile": "",
          "file": "",
          "beforeHooks": [],
          "afterHooks": [],
          "tests": [
            {
              "title": "MUST return HTTP response status 200",
              "fullTitle": "Test Scenario 12: Resolve a DID / dereference a DID URL MUST return HTTP response status 200",
              "timedOut": null,
              "duration": 302,
              "state": "failed",
              "speed": null,
              "pass": false,
              "fail": true,
              "pending": false,
              "context": null,
              "code": "cy.fixture(path_example_dids).its(\"normalDids\").then(list => {\n  Object.keys(list).forEach(key => {\n    const normalDid = list[key];\n    cy.request({\n      method: \"GET\",\n      url: endpoint + normalDid,\n      headers: {\n        Accept: \"application/json\"\n      },\n      failOnStatusCode: false\n    }).as(\"request\");\n    cy.get(\"@request\").then(response => {\n      console.log(\"normal did is:\", normalDid);\n      expect(response.status).to.eq(200);\n      expect(response.headers[\"content-type\"]).contains(\"application/did+json;charset=utf-8\");\n      expect(response.body).has.property(\"id\", normalDid); // expect(response.body[\"keyAgreement\"][0]).to.contain(normalDid);\n    });\n  });\n});",
              "err": {
                "message": "AssertionError: expected 404 to equal 200",
                "estack": "AssertionError: expected 404 to equal 200\n    at Context.eval (http://localhost:46169/__cypress/tests?p=cypress/integration/uniresolver_spec.js:648:40)",
                "diff": "- 404\n+ 200\n"
              },
              "uuid": "f59f8c21-f4e0-4a92-8d40-4548e9cbfc9f",
              "parentUUID": "02d46977-9e3f-460b-8abe-66f93e65aa6d",
              "isHook": false,
              "skipped": false
            }
          ],
          "suites": [],
          "passes": [],
          "failures": [
            "f59f8c21-f4e0-4a92-8d40-4548e9cbfc9f"
          ],
          "pending": [],
          "skipped": [],
          "duration": 302,
          "root": false,
          "rootEmpty": false,
          "_timeout": 2000
        },
        {
          "uuid": "c1d4e671-2c82-4dc6-bddf-860d237e8293",
          "title": "Test Scenario 12B: Resolve a DID / dereference a DID URL",
          "fullFile": "",
          "file": "",
          "beforeHooks": [],
          "afterHooks": [],
          "tests": [
            {
              "title": "MUST return HTTP response status 200",
              "fullTitle": "Test Scenario 12B: Resolve a DID / dereference a DID URL MUST return HTTP response status 200",
              "timedOut": null,
              "duration": 156,
              "state": "failed",
              "speed": null,
              "pass": false,
              "fail": true,
              "pending": false,
              "context": null,
              "code": "cy.fixture(path_example_dids).its(\"normalDids\").then(list => {\n  Object.keys(list).forEach(key => {\n    const normalDid = list[key];\n    cy.request({\n      method: \"GET\",\n      url: endpoint + normalDid,\n      headers: {\n        Accept: 'application/ld+json;profile=\"https://w3c-ccg.github.io/did-resolution/\"'\n      },\n      failOnStatusCode: false\n    }).as(\"request\");\n    cy.get(\"@request\").then(response => {\n      console.log(\"normal did is:\", normalDid);\n      expect(response.status).to.eq(200);\n      expect(response.headers[\"content-type\"]).contains('application/ld+json; profile=\"https://w3c-ccg.github.io/did-resolution/\"');\n    });\n  });\n});",
              "err": {
                "message": "AssertionError: expected 404 to equal 200",
                "estack": "AssertionError: expected 404 to equal 200\n    at Context.eval (http://localhost:46169/__cypress/tests?p=cypress/integration/uniresolver_spec.js:675:40)",
                "diff": "- 404\n+ 200\n"
              },
              "uuid": "05f12312-1006-467c-89de-d4cc4b6a7e0c",
              "parentUUID": "c1d4e671-2c82-4dc6-bddf-860d237e8293",
              "isHook": false,
              "skipped": false
            }
          ],
          "suites": [],
          "passes": [],
          "failures": [
            "05f12312-1006-467c-89de-d4cc4b6a7e0c"
          ],
          "pending": [],
          "skipped": [],
          "duration": 156,
          "root": false,
          "rootEmpty": false,
          "_timeout": 2000
        }
      ],
      "passes": [],
      "failures": [],
      "pending": [],
      "skipped": [],
      "duration": 0,
      "root": true,
      "rootEmpty": true,
      "_timeout": 2000
    }
  ],
  "meta": {
    "mocha": {
      "version": "7.0.1"
    },
    "mochawesome": {
      "options": {
        "quiet": false,
        "reportFilename": "mochawesome",
        "saveHtml": false,
        "saveJson": true,
        "consoleReporter": "spec",
        "useInlineDiffs": false,
        "code": true
      },
      "version": "7.1.2"
    },
    "marge": {
      "options": {
        "reportDir": "reports/mocha",
        "configFile": "reporterOpts.json",
        "overwrite": false,
        "html": false,
        "json": true
      },
      "version": "6.1.1"
    }
  }
}