{
  "stats": {
    "suites": 22,
    "tests": 22,
    "passes": 4,
    "pending": 0,
    "failures": 18,
    "start": "2025-04-02T00:41:36.419Z",
    "end": "2025-04-02T00:41:55.602Z",
    "duration": 19183,
    "testsRegistered": 22,
    "passPercent": 18.181818181818183,
    "pendingPercent": 0,
    "other": 0,
    "hasOther": false,
    "skipped": 0,
    "hasSkipped": false
  },
  "results": [
    {
      "uuid": "086a622a-683c-4183-b22e-ee8d4d9ae4a0",
      "title": "",
      "fullFile": "cypress/integration/uniresolver_spec.js",
      "file": "cypress/integration/uniresolver_spec.js",
      "beforeHooks": [],
      "afterHooks": [],
      "tests": [],
      "suites": [
        {
          "uuid": "22859673-150a-4c94-b8d9-bb42b140e717",
          "title": "Test Scenario 1: DID Resolution Result fixtures: https://dev.uniresolver.io/1.0/identifiers/",
          "fullFile": "",
          "file": "",
          "beforeHooks": [],
          "afterHooks": [],
          "tests": [
            {
              "title": "A correct DID can be resolved",
              "fullTitle": "Test Scenario 1: DID Resolution Result fixtures: https://dev.uniresolver.io/1.0/identifiers/ A correct DID can be resolved",
              "timedOut": null,
              "duration": 366,
              "state": "failed",
              "speed": null,
              "pass": false,
              "fail": true,
              "pending": false,
              "context": null,
              "code": "cy.clearCookies();\ncy.fixture(path_example_dids).its(\"normalDids\").then(list => {\n  Object.keys(list).forEach(key => {\n    const normalDid = list[key];\n    cy.request({\n      method: \"GET\",\n      url: endpoint + normalDid,\n      failOnStatusCode: false\n    }).as(\"request\");\n    cy.get(\"@request\").then(response => {\n      expect(response.status).to.eq(200);\n    });\n    cy.get(\"@request\").then(response => {\n      expect(response.headers[\"content-type\"].replace(/\\s+/g, \"\")).contains('application/ld+json;profile=\"https://w3id.org/did-resolution');\n    });\n    cy.get(\"@request\").then(response => {\n      expect(response).to.be.a(\"object\");\n    });\n    cy.get(\"@request\").then(response => {\n      expect(response.body).to.have.property(\"didDocument\");\n    });\n    cy.get(\"@request\").then(response => {\n      expect(response.body).to.have.property(\"didResolutionMetadata\");\n    });\n    cy.get(\"@request\").then(response => {\n      expect(response.body).to.have.property(\"didDocumentMetadata\");\n    });\n    cy.get(\"@request\").then(response => {\n      expect(response.body.didDocument.id).to.be.a(\"string\").and.satisfy(msg => msg.startsWith(\"did:\"));\n    });\n  });\n});",
              "err": {
                "message": "AssertionError: expected 404 to equal 200",
                "estack": "AssertionError: expected 404 to equal 200\n    at Context.eval (http://localhost:46029/__cypress/tests?p=cypress/integration/uniresolver_spec.js:116:40)",
                "diff": "- 404\n+ 200\n"
              },
              "uuid": "235b879a-750c-4def-9423-fb1f7bb3706d",
              "parentUUID": "22859673-150a-4c94-b8d9-bb42b140e717",
              "isHook": false,
              "skipped": false
            }
          ],
          "suites": [],
          "passes": [],
          "failures": [
            "235b879a-750c-4def-9423-fb1f7bb3706d"
          ],
          "pending": [],
          "skipped": [],
          "duration": 366,
          "root": false,
          "rootEmpty": false,
          "_timeout": 2000
        },
        {
          "uuid": "3f5590f2-473c-4629-ae77-4782ba22a172",
          "title": "Test Scenario 2: JSON-LD DID document",
          "fullFile": "",
          "file": "",
          "beforeHooks": [],
          "afterHooks": [],
          "tests": [
            {
              "title": "A correct DID can be resolved with header input",
              "fullTitle": "Test Scenario 2: JSON-LD DID document A correct DID can be resolved with header input",
              "timedOut": null,
              "duration": 119,
              "state": "failed",
              "speed": null,
              "pass": false,
              "fail": true,
              "pending": false,
              "context": null,
              "code": "cy.fixture(path_example_dids).its(\"normalDids\").then(list => {\n  Object.keys(list).forEach(key => {\n    const normalDid = list[key];\n    cy.request({\n      method: \"GET\",\n      url: endpoint + normalDid,\n      headers: {\n        Accept: \"application/did+ld+json\"\n      },\n      failOnStatusCode: false\n    }).as(\"request\");\n    cy.get(\"@request\").then(response => {\n      expect(response.status).to.eq(200);\n      expect(response.headers[\"content-type\"]).to.contain(\"application/did+ld+json\");\n      cy.get(\"@request\").then(response => {\n        expect(response).to.be.a(\"object\");\n      });\n      expect(response.body).not.to.have.property(\"didDocument\");\n      expect(response.body[\"id\"]).to.contain(normalDid);\n    });\n  });\n});",
              "err": {
                "message": "AssertionError: expected 404 to equal 200",
                "estack": "AssertionError: expected 404 to equal 200\n    at Context.eval (http://localhost:46029/__cypress/tests?p=cypress/integration/uniresolver_spec.js:157:40)",
                "diff": "- 404\n+ 200\n"
              },
              "uuid": "ef052b9b-7227-48a1-933b-14954936aa61",
              "parentUUID": "3f5590f2-473c-4629-ae77-4782ba22a172",
              "isHook": false,
              "skipped": false
            }
          ],
          "suites": [],
          "passes": [],
          "failures": [
            "ef052b9b-7227-48a1-933b-14954936aa61"
          ],
          "pending": [],
          "skipped": [],
          "duration": 119,
          "root": false,
          "rootEmpty": false,
          "_timeout": 2000
        },
        {
          "uuid": "d42aca5c-68be-4acb-a306-dac3fe6dd350",
          "title": "Test Scenario 3: Representation not supported",
          "fullFile": "",
          "file": "",
          "beforeHooks": [],
          "afterHooks": [],
          "tests": [
            {
              "title": "Shows an error when a representation is prompted",
              "fullTitle": "Test Scenario 3: Representation not supported Shows an error when a representation is prompted",
              "timedOut": null,
              "duration": 123,
              "state": "failed",
              "speed": null,
              "pass": false,
              "fail": true,
              "pending": false,
              "context": null,
              "code": "cy.fixture(path_example_dids).its(\"normalDids\").then(list => {\n  Object.keys(list).forEach(key => {\n    const normalDid = list[key];\n    cy.request({\n      method: \"GET\",\n      url: endpoint + normalDid,\n      headers: {\n        Accept: \"image/png\"\n      },\n      failOnStatusCode: false\n    }).then(response => {\n      expect(response.status).to.eq(406);\n      console.log(response);\n      expect(response.body.dereferencingMetadata.error).to.eq('\"representationNotSupported\"');\n    });\n  });\n});",
              "err": {
                "message": "AssertionError: expected 404 to equal 406",
                "estack": "AssertionError: expected 404 to equal 406\n    at Context.eval (http://localhost:46029/__cypress/tests?p=cypress/integration/uniresolver_spec.js:211:40)",
                "diff": "- 404\n+ 406\n"
              },
              "uuid": "7408fb8a-09f5-40c0-bac0-5bc3544d0b22",
              "parentUUID": "d42aca5c-68be-4acb-a306-dac3fe6dd350",
              "isHook": false,
              "skipped": false
            }
          ],
          "suites": [],
          "passes": [],
          "failures": [
            "7408fb8a-09f5-40c0-bac0-5bc3544d0b22"
          ],
          "pending": [],
          "skipped": [],
          "duration": 123,
          "root": false,
          "rootEmpty": false,
          "_timeout": 2000
        },
        {
          "uuid": "08027091-2d97-4a87-9858-d05b1cfc574d",
          "title": "Test Scenario 4: Deactivated",
          "fullFile": "",
          "file": "",
          "beforeHooks": [],
          "afterHooks": [],
          "tests": [
            {
              "title": "Returns an HTTP code of 410 for deactivated DIDs",
              "fullTitle": "Test Scenario 4: Deactivated Returns an HTTP code of 410 for deactivated DIDs",
              "timedOut": null,
              "duration": 85,
              "state": "failed",
              "speed": null,
              "pass": false,
              "fail": true,
              "pending": false,
              "context": null,
              "code": "cy.fixture(path_example_dids).its(\"deacDids\").then(list => {\n  Object.keys(list).forEach(key => {\n    const deacDid = list[key];\n    cy.request({\n      method: \"GET\",\n      url: endpoint + deacDid,\n      failOnStatusCode: false\n    }).then(response => {\n      expect(response.status).to.eq(410);\n      expect(response).to.be.a(\"object\");\n      expect(response.headers[\"content-type\"]).to.contain('application/ld+json;profile=\"https://w3id.org/did-resolution\"');\n      expect(response.body.didDocumentMetadata.deactivated).to.eq(true);\n    });\n  });\n});",
              "err": {
                "message": "AssertionError: expected 404 to equal 410",
                "estack": "AssertionError: expected 404 to equal 410\n    at Context.eval (http://localhost:46029/__cypress/tests?p=cypress/integration/uniresolver_spec.js:232:40)",
                "diff": "- 404\n+ 410\n"
              },
              "uuid": "76e4b5ad-75fa-490a-8094-9462cd21b151",
              "parentUUID": "08027091-2d97-4a87-9858-d05b1cfc574d",
              "isHook": false,
              "skipped": false
            }
          ],
          "suites": [],
          "passes": [],
          "failures": [
            "76e4b5ad-75fa-490a-8094-9462cd21b151"
          ],
          "pending": [],
          "skipped": [],
          "duration": 85,
          "root": false,
          "rootEmpty": false,
          "_timeout": 2000
        },
        {
          "uuid": "cd52e630-78ce-4857-af35-d1a862851842",
          "title": "Test Scenario 5: Not found",
          "fullFile": "",
          "file": "",
          "beforeHooks": [],
          "afterHooks": [],
          "tests": [
            {
              "title": "Returns an HTTP code of 404 for non-existent DIDs",
              "fullTitle": "Test Scenario 5: Not found Returns an HTTP code of 404 for non-existent DIDs",
              "timedOut": null,
              "duration": 67,
              "state": "failed",
              "speed": null,
              "pass": false,
              "fail": true,
              "pending": false,
              "context": null,
              "code": "cy.fixture(path_example_dids).its(\"nonExisDids\").then(list => {\n  Object.keys(list).forEach(key => {\n    const nonExDid = list[key];\n    cy.request({\n      method: \"GET\",\n      url: endpoint + nonExDid,\n      failOnStatusCode: false\n    }).then(response => {\n      expect(response.status).to.eq(404);\n      expect(response.headers[\"content-type\"]).to.contain('application/ld+json;profile=\"https://w3id.org/did-resolution\"');\n      expect(response).to.be.a(\"object\");\n      expect(response.body.didResolutionMetadata.error).to.eq(\"notFound\");\n    });\n  });\n});",
              "err": {
                "message": "AssertionError: expected 501 to equal 404",
                "estack": "AssertionError: expected 501 to equal 404\n    at Context.eval (http://localhost:46029/__cypress/tests?p=cypress/integration/uniresolver_spec.js:254:40)",
                "diff": "- 501\n+ 404\n"
              },
              "uuid": "924291ff-6c56-4244-86c7-1d55244ecb9e",
              "parentUUID": "cd52e630-78ce-4857-af35-d1a862851842",
              "isHook": false,
              "skipped": false
            }
          ],
          "suites": [],
          "passes": [],
          "failures": [
            "924291ff-6c56-4244-86c7-1d55244ecb9e"
          ],
          "pending": [],
          "skipped": [],
          "duration": 67,
          "root": false,
          "rootEmpty": false,
          "_timeout": 2000
        },
        {
          "uuid": "39798c15-9aa8-4417-b274-f63279118837",
          "title": "Test Scenario 6A: Invalid DID",
          "fullFile": "",
          "file": "",
          "beforeHooks": [],
          "afterHooks": [],
          "tests": [
            {
              "title": "Returns a HTTP code of 400 for an invalid DID",
              "fullTitle": "Test Scenario 6A: Invalid DID Returns a HTTP code of 400 for an invalid DID",
              "timedOut": null,
              "duration": 87,
              "state": "passed",
              "speed": "fast",
              "pass": true,
              "fail": false,
              "pending": false,
              "context": null,
              "code": "cy.fixture(path_example_dids).its(\"invalidDids\").then(list => {\n  Object.keys(list).forEach(key => {\n    const invalidDid = list[key];\n    cy.request({\n      method: \"GET\",\n      url: endpoint + invalidDid,\n      failOnStatusCode: false\n    }).then(response => {\n      expect(response.status).to.eq(400);\n      expect(response.headers[\"content-type\"]).to.contain('application/ld+json;profile=\"https://w3id.org/did-resolution\"');\n      expect(response).to.be.a(\"object\");\n      expect(response.body.didResolutionMetadata.error).contains(\"invalidDid\");\n    });\n  });\n});",
              "err": {},
              "uuid": "9bafabe6-6a54-43c0-9384-4968bf1290df",
              "parentUUID": "39798c15-9aa8-4417-b274-f63279118837",
              "isHook": false,
              "skipped": false
            }
          ],
          "suites": [],
          "passes": [
            "9bafabe6-6a54-43c0-9384-4968bf1290df"
          ],
          "failures": [],
          "pending": [],
          "skipped": [],
          "duration": 87,
          "root": false,
          "rootEmpty": false,
          "_timeout": 2000
        },
        {
          "uuid": "0ad90e55-be99-4306-95c3-1f764109accb",
          "title": "Test Scenario 6B: method not supported DIDs",
          "fullFile": "",
          "file": "",
          "beforeHooks": [],
          "afterHooks": [],
          "tests": [
            {
              "title": "Raises an error for unsupported DID methods",
              "fullTitle": "Test Scenario 6B: method not supported DIDs Raises an error for unsupported DID methods",
              "timedOut": null,
              "duration": 70,
              "state": "failed",
              "speed": null,
              "pass": false,
              "fail": true,
              "pending": false,
              "context": null,
              "code": "cy.fixture(path_example_dids).its(\"methodNotSupportedDids\").then(list => {\n  Object.keys(list).forEach(key => {\n    const invalidDid = list[key];\n    cy.request({\n      method: \"GET\",\n      url: endpoint + invalidDid,\n      failOnStatusCode: false\n    }).then(response => {\n      expect(response.body.didResolutionMetadata.error).contains(\"methodNotSupported\");\n      expect(response).to.be.a(\"object\"); // todo: should this be 404 or 400?\n      expect(response.status).to.eq(400); // returns 501\n      expect(response.headers[\"content-type\"]).to.contain('application/ld+json;profile=\"https://w3id.org/did-resolution\"');\n    });\n  });\n});",
              "err": {
                "message": "AssertionError: expected 501 to equal 400",
                "estack": "AssertionError: expected 501 to equal 400\n    at Context.eval (http://localhost:46029/__cypress/tests?p=cypress/integration/uniresolver_spec.js:301:40)",
                "diff": "- 501\n+ 400\n"
              },
              "uuid": "e32243db-c331-4f87-a181-0456b7801c9c",
              "parentUUID": "0ad90e55-be99-4306-95c3-1f764109accb",
              "isHook": false,
              "skipped": false
            }
          ],
          "suites": [],
          "passes": [],
          "failures": [
            "e32243db-c331-4f87-a181-0456b7801c9c"
          ],
          "pending": [],
          "skipped": [],
          "duration": 70,
          "root": false,
          "rootEmpty": false,
          "_timeout": 2000
        },
        {
          "uuid": "22453f79-57c7-47c5-a67d-3db0796389ce",
          "title": "Test Scenario 6C: invalid verificationMethod.id",
          "fullFile": "",
          "file": "",
          "beforeHooks": [],
          "afterHooks": [],
          "tests": [
            {
              "title": "Raises error when verificationMethod.id is invalid",
              "fullTitle": "Test Scenario 6C: invalid verificationMethod.id Raises error when verificationMethod.id is invalid",
              "timedOut": null,
              "duration": 514,
              "state": "failed",
              "speed": null,
              "pass": false,
              "fail": true,
              "pending": false,
              "context": null,
              "code": "cy.fixture(path_example_dids).its(\"invalidVerificationMethodId\").then(list => {\n  Object.keys(list).forEach(key => {\n    const invalidDid = list[key];\n    cy.request({\n      method: \"GET\",\n      url: endpoint + invalidDid,\n      failOnStatusCode: false\n    }).then(response => {\n      expect(response).to.be.a(\"object\");\n      expect(response.headers[\"content-type\"]).to.contain('application/ld+json;profile=\"https://w3id.org/did-resolution\"'); // todo: should this be 404 or 400?\n      expect(response.status).to.eq(400); // return 200\n      expect(response.body.didResolutionMetadata.error).contains(\"invalidDidUrl\"); // doesn't exist\n    });\n  });\n});",
              "err": {
                "message": "AssertionError: expected 200 to equal 400",
                "estack": "AssertionError: expected 200 to equal 400\n    at Context.eval (http://localhost:46029/__cypress/tests?p=cypress/integration/uniresolver_spec.js:326:40)",
                "diff": "- 200\n+ 400\n"
              },
              "uuid": "616bc1b6-52fe-46c8-b348-2e168ba69380",
              "parentUUID": "22453f79-57c7-47c5-a67d-3db0796389ce",
              "isHook": false,
              "skipped": false
            }
          ],
          "suites": [],
          "passes": [],
          "failures": [
            "616bc1b6-52fe-46c8-b348-2e168ba69380"
          ],
          "pending": [],
          "skipped": [],
          "duration": 514,
          "root": false,
          "rootEmpty": false,
          "_timeout": 2000
        },
        {
          "uuid": "8e8324c1-3dc3-4520-bd96-51eea8c97731",
          "title": "Test Scenario 6D: invalid verificationMethod.controller",
          "fullFile": "",
          "file": "",
          "beforeHooks": [],
          "afterHooks": [],
          "tests": [
            {
              "title": "Raises error when verificationMethod.controller is invalid",
              "fullTitle": "Test Scenario 6D: invalid verificationMethod.controller Raises error when verificationMethod.controller is invalid",
              "timedOut": null,
              "duration": 202,
              "state": "failed",
              "speed": null,
              "pass": false,
              "fail": true,
              "pending": false,
              "context": null,
              "code": "cy.fixture(path_example_dids).its(\"invalidVerificationMethodController\").then(list => {\n  Object.keys(list).forEach(key => {\n    const invalidDid = list[key];\n    cy.request({\n      method: \"GET\",\n      url: endpoint + invalidDid,\n      failOnStatusCode: false\n    }).then(response => {\n      expect(response).to.be.a(\"object\");\n      expect(response.headers[\"content-type\"]).to.contain('application/ld+json;profile=\"https://w3id.org/did-resolution\"'); // todo: should this be 404 or 400?\n      expect(response.status).to.eq(400); // returns 200\n      expect(response.body.didResolutionMetadata.error).contains(\"invalidDid\"); // doesn't exist\n    });\n  });\n});",
              "err": {
                "message": "AssertionError: expected 200 to equal 400",
                "estack": "AssertionError: expected 200 to equal 400\n    at Context.eval (http://localhost:46029/__cypress/tests?p=cypress/integration/uniresolver_spec.js:350:40)",
                "diff": "- 200\n+ 400\n"
              },
              "uuid": "f17251d5-d335-4788-9608-758bfbf6414b",
              "parentUUID": "8e8324c1-3dc3-4520-bd96-51eea8c97731",
              "isHook": false,
              "skipped": false
            }
          ],
          "suites": [],
          "passes": [],
          "failures": [
            "f17251d5-d335-4788-9608-758bfbf6414b"
          ],
          "pending": [],
          "skipped": [],
          "duration": 202,
          "root": false,
          "rootEmpty": false,
          "_timeout": 2000
        },
        {
          "uuid": "348c6296-04ad-42c5-b00a-4d0268c40649",
          "title": "Test Scenario 6E: invalid didDocument.id",
          "fullFile": "",
          "file": "",
          "beforeHooks": [],
          "afterHooks": [],
          "tests": [
            {
              "title": "Raises error when didDocument.id is invalid",
              "fullTitle": "Test Scenario 6E: invalid didDocument.id Raises error when didDocument.id is invalid",
              "timedOut": null,
              "duration": 70,
              "state": "passed",
              "speed": "fast",
              "pass": true,
              "fail": false,
              "pending": false,
              "context": null,
              "code": "cy.fixture(path_example_dids).its(\"invalidDidDocumentId\").then(list => {\n  Object.keys(list).forEach(key => {\n    const invalidDid = list[key];\n    cy.request({\n      method: \"GET\",\n      url: endpoint + invalidDid,\n      failOnStatusCode: false\n    }).then(response => {\n      expect(response).to.be.a(\"object\");\n      expect(response.headers[\"content-type\"]).to.contain('application/ld+json;profile=\"https://w3id.org/did-resolution\"');\n      expect(response.status).to.eq(400);\n      expect(response.body.didResolutionMetadata.error).contains(\"invalidDid\");\n    });\n  });\n});",
              "err": {},
              "uuid": "d53e3ad6-d7ae-4616-a8ce-82016da02c17",
              "parentUUID": "348c6296-04ad-42c5-b00a-4d0268c40649",
              "isHook": false,
              "skipped": false
            }
          ],
          "suites": [],
          "passes": [
            "d53e3ad6-d7ae-4616-a8ce-82016da02c17"
          ],
          "failures": [],
          "pending": [],
          "skipped": [],
          "duration": 70,
          "root": false,
          "rootEmpty": false,
          "_timeout": 2000
        },
        {
          "uuid": "fa2d8907-de12-42f6-8632-70368f28929e",
          "title": "Test Scenario 6F: Invalid didDocument scheme",
          "fullFile": "",
          "file": "",
          "beforeHooks": [],
          "afterHooks": [],
          "tests": [
            {
              "title": "Raises invalidDid error when if scheme is not did",
              "fullTitle": "Test Scenario 6F: Invalid didDocument scheme Raises invalidDid error when if scheme is not did",
              "timedOut": null,
              "duration": 45,
              "state": "passed",
              "speed": "fast",
              "pass": true,
              "fail": false,
              "pending": false,
              "context": null,
              "code": "cy.fixture(path_example_dids).its(\"invalidDidScheme\").then(list => {\n  Object.keys(list).forEach(key => {\n    const invalidDid = list[key];\n    cy.request({\n      method: \"GET\",\n      url: endpoint + invalidDid,\n      failOnStatusCode: false\n    }).then(response => {\n      expect(response).to.be.a(\"object\");\n      expect(response.headers[\"content-type\"]).to.contain('application/ld+json;profile=\"https://w3id.org/did-resolution\"');\n      expect(response.status).to.eq(400);\n      expect(response.body.didResolutionMetadata.error).contains(\"invalidDid\");\n    });\n  });\n});",
              "err": {},
              "uuid": "86b477d1-d634-4230-89ef-82088c7ff891",
              "parentUUID": "fa2d8907-de12-42f6-8632-70368f28929e",
              "isHook": false,
              "skipped": false
            }
          ],
          "suites": [],
          "passes": [
            "86b477d1-d634-4230-89ef-82088c7ff891"
          ],
          "failures": [],
          "pending": [],
          "skipped": [],
          "duration": 45,
          "root": false,
          "rootEmpty": false,
          "_timeout": 2000
        },
        {
          "uuid": "31877fef-927f-4b2b-8d30-11733c92c4ab",
          "title": "Test Scenario 6G: notAllowedLocalDerivedKey error/warning",
          "fullFile": "",
          "file": "",
          "beforeHooks": [],
          "afterHooks": [],
          "tests": [
            {
              "title": "Raises notAllowedLocalDerivedKey error when did is incorrect",
              "fullTitle": "Test Scenario 6G: notAllowedLocalDerivedKey error/warning Raises notAllowedLocalDerivedKey error when did is incorrect",
              "timedOut": null,
              "duration": 443,
              "state": "failed",
              "speed": null,
              "pass": false,
              "fail": true,
              "pending": false,
              "context": null,
              "code": "cy.fixture(path_example_dids).its(\"notAllowedLocalDerivedKey\").then(list => {\n  Object.keys(list).forEach(key => {\n    const invalidDid = list[key];\n    cy.request({\n      method: \"GET\",\n      url: endpoint + invalidDid,\n      failOnStatusCode: false\n    }).then(response => {\n      expect(response).to.be.a(\"object\");\n      expect(response.headers[\"content-type\"]).to.contain('application/ld+json;profile=\"https://w3id.org/did-resolution\"');\n      expect(response.status).to.eq(400);\n      expect(response.body.didResolutionMetadata.error).contains(\"notAllowedLocalDerivedKey\");\n    });\n  });\n});",
              "err": {
                "message": "AssertionError: expected 200 to equal 400",
                "estack": "AssertionError: expected 200 to equal 400\n    at Context.eval (http://localhost:46029/__cypress/tests?p=cypress/integration/uniresolver_spec.js:417:40)",
                "diff": "- 200\n+ 400\n"
              },
              "uuid": "74a98945-96f3-4216-856f-cb58cae0ff8c",
              "parentUUID": "31877fef-927f-4b2b-8d30-11733c92c4ab",
              "isHook": false,
              "skipped": false
            }
          ],
          "suites": [],
          "passes": [],
          "failures": [
            "74a98945-96f3-4216-856f-cb58cae0ff8c"
          ],
          "pending": [],
          "skipped": [],
          "duration": 443,
          "root": false,
          "rootEmpty": false,
          "_timeout": 2000
        },
        {
          "uuid": "42444220-1764-4d0b-b66d-e755607cb22c",
          "title": "Test Scenario 6H: notAllowedLocalDuplicateKey error/warning",
          "fullFile": "",
          "file": "",
          "beforeHooks": [],
          "afterHooks": [],
          "tests": [
            {
              "title": "Raises notAllowedLocalDuplicateKey error when did is incorrect",
              "fullTitle": "Test Scenario 6H: notAllowedLocalDuplicateKey error/warning Raises notAllowedLocalDuplicateKey error when did is incorrect",
              "timedOut": null,
              "duration": 65,
              "state": "failed",
              "speed": null,
              "pass": false,
              "fail": true,
              "pending": false,
              "context": null,
              "code": "cy.fixture(path_example_dids).its(\"invalidDidDocumentId\").then(list => {\n  Object.keys(list).forEach(key => {\n    const invalidDid = list[key];\n    cy.request({\n      method: \"GET\",\n      url: endpoint + invalidDid,\n      failOnStatusCode: false\n    }).then(response => {\n      expect(response).to.be.a(\"object\");\n      expect(response.headers[\"content-type\"]).to.contain('application/ld+json;profile=\"https://w3id.org/did-resolution\"');\n      expect(response.status).to.eq(400);\n      expect(response.body.didResolutionMetadata.error).contains(\"notAllowedLocalDuplicateKey\");\n    });\n  });\n});",
              "err": {
                "message": "AssertionError: expected 'invalidDid' to include 'notAllowedLocalDuplicateKey'",
                "estack": "AssertionError: expected 'invalidDid' to include 'notAllowedLocalDuplicateKey'\n    at Context.eval (http://localhost:46029/__cypress/tests?p=cypress/integration/uniresolver_spec.js:440:63)",
                "diff": null
              },
              "uuid": "b46cdf4c-4f1a-4fe1-8bf3-7ca4836a9227",
              "parentUUID": "42444220-1764-4d0b-b66d-e755607cb22c",
              "isHook": false,
              "skipped": false
            }
          ],
          "suites": [],
          "passes": [],
          "failures": [
            "b46cdf4c-4f1a-4fe1-8bf3-7ca4836a9227"
          ],
          "pending": [],
          "skipped": [],
          "duration": 65,
          "root": false,
          "rootEmpty": false,
          "_timeout": 2000
        },
        {
          "uuid": "b8fe4a37-0d67-422e-8b73-51b7ff7bdb77",
          "title": "Test Scenario 6I: notAllowedKeyType error/warning",
          "fullFile": "",
          "file": "",
          "beforeHooks": [],
          "afterHooks": [],
          "tests": [
            {
              "title": "Raises notAllowedKeyType error when did is incorrect",
              "fullTitle": "Test Scenario 6I: notAllowedKeyType error/warning Raises notAllowedKeyType error when did is incorrect",
              "timedOut": null,
              "duration": 70,
              "state": "failed",
              "speed": null,
              "pass": false,
              "fail": true,
              "pending": false,
              "context": null,
              "code": "cy.fixture(path_example_dids).its(\"invalidDidDocumentId\").then(list => {\n  Object.keys(list).forEach(key => {\n    const invalidDid = list[key];\n    cy.request({\n      method: \"GET\",\n      url: endpoint + invalidDid,\n      failOnStatusCode: false\n    }).then(response => {\n      expect(response).to.be.a(\"object\");\n      expect(response.headers[\"content-type\"]).to.contain('application/ld+json;profile=\"https://w3id.org/did-resolution\"');\n      expect(response.status).to.eq(400);\n      expect(response.body.didResolutionMetadata.error).contains(\"notAllowedKeyType\");\n    });\n  });\n});",
              "err": {
                "message": "AssertionError: expected 'invalidDid' to include 'notAllowedKeyType'",
                "estack": "AssertionError: expected 'invalidDid' to include 'notAllowedKeyType'\n    at Context.eval (http://localhost:46029/__cypress/tests?p=cypress/integration/uniresolver_spec.js:462:63)",
                "diff": null
              },
              "uuid": "06c955a7-c3ee-48b6-a2a9-11926a80f919",
              "parentUUID": "b8fe4a37-0d67-422e-8b73-51b7ff7bdb77",
              "isHook": false,
              "skipped": false
            }
          ],
          "suites": [],
          "passes": [],
          "failures": [
            "06c955a7-c3ee-48b6-a2a9-11926a80f919"
          ],
          "pending": [],
          "skipped": [],
          "duration": 70,
          "root": false,
          "rootEmpty": false,
          "_timeout": 2000
        },
        {
          "uuid": "c288031c-2f90-4c0c-b252-7b16ebb63f94",
          "title": "Test Scenario 6J: notAllowedMethod error/warning",
          "fullFile": "",
          "file": "",
          "beforeHooks": [],
          "afterHooks": [],
          "tests": [
            {
              "title": "Raises notAllowedMethod error when did is incorrect",
              "fullTitle": "Test Scenario 6J: notAllowedMethod error/warning Raises notAllowedMethod error when did is incorrect",
              "timedOut": null,
              "duration": 78,
              "state": "failed",
              "speed": null,
              "pass": false,
              "fail": true,
              "pending": false,
              "context": null,
              "code": "cy.fixture(path_example_dids).its(\"notAllowedMethod\").then(list => {\n  Object.keys(list).forEach(key => {\n    const invalidDid = list[key];\n    cy.request({\n      method: \"GET\",\n      url: endpoint + invalidDid,\n      failOnStatusCode: false\n    }).then(response => {\n      expect(response).to.be.a(\"object\");\n      expect(response.headers[\"content-type\"]).to.contain('application/ld+json;profile=\"https://w3id.org/did-resolution\"');\n      expect(response.status).to.eq(400);\n      expect(response.body.didResolutionMetadata.error).contains(\"notAllowedMethod\");\n    });\n  });\n});",
              "err": {
                "message": "AssertionError: expected 500 to equal 400",
                "estack": "AssertionError: expected 500 to equal 400\n    at Context.eval (http://localhost:46029/__cypress/tests?p=cypress/integration/uniresolver_spec.js:484:40)",
                "diff": "- 500\n+ 400\n"
              },
              "uuid": "6f768e2d-d5b9-4862-b288-230790f005b6",
              "parentUUID": "c288031c-2f90-4c0c-b252-7b16ebb63f94",
              "isHook": false,
              "skipped": false
            }
          ],
          "suites": [],
          "passes": [],
          "failures": [
            "6f768e2d-d5b9-4862-b288-230790f005b6"
          ],
          "pending": [],
          "skipped": [],
          "duration": 78,
          "root": false,
          "rootEmpty": false,
          "_timeout": 2000
        },
        {
          "uuid": "ac2dcd3f-9234-4ebc-a7fe-c99ae2763f87",
          "title": "Test Scenario 7: DID URLs with fragments",
          "fullFile": "",
          "file": "",
          "beforeHooks": [],
          "afterHooks": [],
          "tests": [
            {
              "title": "Can resolve a DID with a fragment",
              "fullTitle": "Test Scenario 7: DID URLs with fragments Can resolve a DID with a fragment",
              "timedOut": null,
              "duration": 498,
              "state": "failed",
              "speed": null,
              "pass": false,
              "fail": true,
              "pending": false,
              "context": null,
              "code": "cy.fixture(path_example_dids).its(\"fragmentDids\").then(list => {\n  Object.keys(list).forEach(key => {\n    const fragmentDid = list[key];\n    cy.request({\n      method: \"GET\",\n      url: endpoint + fragmentDid,\n      failOnStatusCode: false,\n      headers: {\n        Accept: \"application/did+ld+json\",\n        Authorization: \"Bearer b082c420-df67-4b06-899c-b7c51d75fba0\"\n      }\n    }).as(\"request\");\n    cy.get(\"@request\").then(response => {\n      expect(response.status).to.eq(200);\n      expect(response.headers[\"content-type\"]).to.contain(\"application/did+ld+json\");\n      expect(response.body).not.to.have.property(\"didDocument\");\n      expect(response.body).to.have.property(\"id\");\n      expect(response.body[\"id\"]).to.contain(decodeURIComponent(fragmentDid.split(\"#\")[0]));\n    });\n  });\n});",
              "err": {
                "message": "AssertionError: expected 'did:sov:WRfXPg8dantKVubE3HX8pw' to include 'did:sov:WRfXPg8dantKVubE3HX8pw#key-1'",
                "estack": "AssertionError: expected 'did:sov:WRfXPg8dantKVubE3HX8pw' to include 'did:sov:WRfXPg8dantKVubE3HX8pw#key-1'\n    at Context.eval (http://localhost:46029/__cypress/tests?p=cypress/integration/uniresolver_spec.js:513:44)",
                "diff": null
              },
              "uuid": "a82d6dda-2dfe-47b0-b9a1-4e502ac6acec",
              "parentUUID": "ac2dcd3f-9234-4ebc-a7fe-c99ae2763f87",
              "isHook": false,
              "skipped": false
            }
          ],
          "suites": [],
          "passes": [],
          "failures": [
            "a82d6dda-2dfe-47b0-b9a1-4e502ac6acec"
          ],
          "pending": [],
          "skipped": [],
          "duration": 498,
          "root": false,
          "rootEmpty": false,
          "_timeout": 2000
        },
        {
          "uuid": "ebeab54f-90fe-4c3d-9739-126d6e9bb2ca",
          "title": "Test Scenario 8: Service and relativeRef parameters",
          "fullFile": "",
          "file": "",
          "beforeHooks": [],
          "afterHooks": [],
          "tests": [
            {
              "title": "Fetches DID",
              "fullTitle": "Test Scenario 8: Service and relativeRef parameters Fetches DID",
              "timedOut": null,
              "duration": 197,
              "state": "passed",
              "speed": "fast",
              "pass": true,
              "fail": false,
              "pending": false,
              "context": null,
              "code": "cy.fixture(path_example_dids).its(\"relativeParamDids\").then(list => {\n  Object.keys(list).forEach(key => {\n    const fragmentDid = list[key];\n    console.log(\"FRAGMENT DID IS\", fragmentDid);\n    cy.request({\n      method: \"GET\",\n      url: endpoint + fragmentDid,\n      headers: {\n        Accept: \"text/uri-list\"\n      },\n      failOnStatusCode: false\n    }).as(\"response\");\n    it(\"MUST return HTTP response status equals 303\", () => {\n      cy.get(\"@response\").then(response => {\n        expect(response.status).to.eq(303);\n      });\n    });\n  });\n});",
              "err": {},
              "uuid": "1fad3775-a617-4b88-b6f4-11b412b6a7c0",
              "parentUUID": "ebeab54f-90fe-4c3d-9739-126d6e9bb2ca",
              "isHook": false,
              "skipped": false
            }
          ],
          "suites": [],
          "passes": [
            "1fad3775-a617-4b88-b6f4-11b412b6a7c0"
          ],
          "failures": [],
          "pending": [],
          "skipped": [],
          "duration": 197,
          "root": false,
          "rootEmpty": false,
          "_timeout": 2000
        },
        {
          "uuid": "ba089dc1-4ea3-4bf8-b571-90460e35f24b",
          "title": "Test Scenario 9: DID URLs with transformKeys",
          "fullFile": "",
          "file": "",
          "beforeHooks": [],
          "afterHooks": [],
          "tests": [
            {
              "title": "MUST return HTTP response status 200",
              "fullTitle": "Test Scenario 9: DID URLs with transformKeys MUST return HTTP response status 200",
              "timedOut": null,
              "duration": 5226,
              "state": "failed",
              "speed": null,
              "pass": false,
              "fail": true,
              "pending": false,
              "context": null,
              "code": "cy.fixture(path_example_dids).its(\"transformKeyDids\").then(list => {\n  Object.keys(list).forEach(key => {\n    const transformKeyDid = list[key];\n    cy.request({\n      method: \"GET\",\n      url: endpoint + transformKeyDid,\n      headers: {\n        Accept: \"application/did+ld+json\",\n        Authorization: \"Bearer b082c420-df67-4b06-899c-b7c51d75fba0\"\n      },\n      failOnStatusCode: false\n    }).as(\"request\");\n    cy.get(\"@request\").then(response => {\n      expect(response.status).to.eq(200);\n      expect(response).to.be.a(\"object\");\n      response.body.verificationMethod.forEach(out => {\n        expect(out).has.property(\"type\").to.be.oneOf([\"JsonWebKey2020\", \"Ed25519VerificationKey2018\", \"X25519KeyAgreementKey2019\"]);\n      });\n      expect(response.headers[\"content-type\"]).contains(\"application/did+ld+json\");\n      expect(response.body).has.property(\"id\", decodeURIComponent(transformKeyDid.split(\"?\")[0].split(\"#\")[0]));\n    });\n  });\n});",
              "err": {
                "message": "CypressError: `cy.request()` timed out waiting `5000ms` for a response from your server.\n\nThe request we sent was:\n\nMethod: GET\nURL: https://dev.uniresolver.io/1.0/identifiers/did:sov:builder:VbPQNHsvoLZdaNU7fTBeFx#key-1\n\nNo response was received within the timeout.\n\nhttps://on.cypress.io/request",
                "estack": "CypressError: `cy.request()` timed out waiting `5000ms` for a response from your server.\n\nThe request we sent was:\n\nMethod: GET\nURL: https://dev.uniresolver.io/1.0/identifiers/did:sov:builder:VbPQNHsvoLZdaNU7fTBeFx#key-1\n\nNo response was received within the timeout.\n\nhttps://on.cypress.io/request\n    at http://localhost:46029/__cypress/runner/cypress_runner.js:160652:78\n    at tryCatcher (http://localhost:46029/__cypress/runner/cypress_runner.js:13022:23)\n    at http://localhost:46029/__cypress/runner/cypress_runner.js:8144:41\n    at tryCatcher (http://localhost:46029/__cypress/runner/cypress_runner.js:13022:23)\n    at Promise._settlePromiseFromHandler (http://localhost:46029/__cypress/runner/cypress_runner.js:10957:31)\n    at Promise._settlePromise (http://localhost:46029/__cypress/runner/cypress_runner.js:11014:18)\n    at Promise._settlePromise0 (http://localhost:46029/__cypress/runner/cypress_runner.js:11059:10)\n    at Promise._settlePromises (http://localhost:46029/__cypress/runner/cypress_runner.js:11135:18)\n    at _drainQueueStep (http://localhost:46029/__cypress/runner/cypress_runner.js:7729:12)\n    at _drainQueue (http://localhost:46029/__cypress/runner/cypress_runner.js:7722:9)\n    at Async.../../node_modules/bluebird/js/release/async.js.Async._drainQueues (http://localhost:46029/__cypress/runner/cypress_runner.js:7738:5)\n    at Async.drainQueues (http://localhost:46029/__cypress/runner/cypress_runner.js:7608:14)\nFrom Your Spec Code:\n    at Context.eval (http://localhost:46029/__cypress/tests?p=cypress/integration/uniresolver_spec.js:570:13)",
                "diff": null
              },
              "uuid": "9ed31369-feb7-4188-ad6f-78889209c542",
              "parentUUID": "ba089dc1-4ea3-4bf8-b571-90460e35f24b",
              "isHook": false,
              "skipped": false
            }
          ],
          "suites": [],
          "passes": [],
          "failures": [
            "9ed31369-feb7-4188-ad6f-78889209c542"
          ],
          "pending": [],
          "skipped": [],
          "duration": 5226,
          "root": false,
          "rootEmpty": false,
          "_timeout": 2000
        },
        {
          "uuid": "b2a01610-e60b-4134-b73b-4bceadf9a9c2",
          "title": "Test Scenario 10: DID URLs with versionTime parameter",
          "fullFile": "",
          "file": "",
          "beforeHooks": [],
          "afterHooks": [],
          "tests": [
            {
              "title": "MUST return HTTP response status 200",
              "fullTitle": "Test Scenario 10: DID URLs with versionTime parameter MUST return HTTP response status 200",
              "timedOut": null,
              "duration": 5093,
              "state": "failed",
              "speed": null,
              "pass": false,
              "fail": true,
              "pending": false,
              "context": null,
              "code": "cy.fixture(path_example_dids).its(\"versionTimeDids\").then(list => {\n  Object.keys(list).forEach(key => {\n    const versionTimeDid = list[key];\n    cy.request({\n      method: \"GET\",\n      url: endpoint + versionTimeDid,\n      headers: {\n        Accept: \"application/did+ld+json\",\n        Authorization: \"Bearer b082c420-df67-4b06-899c-b7c51d75fba0\"\n      },\n      failOnStatusCode: false\n    }).as(\"request\");\n    cy.get(\"@request\").then(response => {\n      expect(response.status).to.eq(200);\n      expect(response.headers[\"content-type\"]).contains(\"application/did+ld+json\");\n      expect(response).to.be.a(\"object\");\n      expect(response.body).has.property(\"id\").contains(\"did:sov:DjxRxnL4gXsncbH8jM8ySM\");\n    });\n  });\n});",
              "err": {
                "message": "CypressError: `cy.request()` timed out waiting `5000ms` for a response from your server.\n\nThe request we sent was:\n\nMethod: GET\nURL: https://dev.uniresolver.io/1.0/identifiers/did:sov:DjxRxnL4gXsncbH8jM8ySM?versionTime=2018-12-10T02:22:49Z\n\nNo response was received within the timeout.\n\nhttps://on.cypress.io/request",
                "estack": "CypressError: `cy.request()` timed out waiting `5000ms` for a response from your server.\n\nThe request we sent was:\n\nMethod: GET\nURL: https://dev.uniresolver.io/1.0/identifiers/did:sov:DjxRxnL4gXsncbH8jM8ySM?versionTime=2018-12-10T02:22:49Z\n\nNo response was received within the timeout.\n\nhttps://on.cypress.io/request\n    at http://localhost:46029/__cypress/runner/cypress_runner.js:160652:78\n    at tryCatcher (http://localhost:46029/__cypress/runner/cypress_runner.js:13022:23)\n    at http://localhost:46029/__cypress/runner/cypress_runner.js:8144:41\n    at tryCatcher (http://localhost:46029/__cypress/runner/cypress_runner.js:13022:23)\n    at Promise._settlePromiseFromHandler (http://localhost:46029/__cypress/runner/cypress_runner.js:10957:31)\n    at Promise._settlePromise (http://localhost:46029/__cypress/runner/cypress_runner.js:11014:18)\n    at Promise._settlePromise0 (http://localhost:46029/__cypress/runner/cypress_runner.js:11059:10)\n    at Promise._settlePromises (http://localhost:46029/__cypress/runner/cypress_runner.js:11135:18)\n    at _drainQueueStep (http://localhost:46029/__cypress/runner/cypress_runner.js:7729:12)\n    at _drainQueue (http://localhost:46029/__cypress/runner/cypress_runner.js:7722:9)\n    at Async.../../node_modules/bluebird/js/release/async.js.Async._drainQueues (http://localhost:46029/__cypress/runner/cypress_runner.js:7738:5)\n    at Async.drainQueues (http://localhost:46029/__cypress/runner/cypress_runner.js:7608:14)\nFrom Your Spec Code:\n    at eval (http://localhost:46029/__cypress/tests?p=cypress/integration/uniresolver_spec.js:584:14)\nat Array.forEach (<anonymous>)\n    at Context.eval (http://localhost:46029/__cypress/tests?p=cypress/integration/uniresolver_spec.js:582:27)",
                "diff": null
              },
              "uuid": "7b7cf4f3-c8c9-45b7-8379-abd5d5d246da",
              "parentUUID": "b2a01610-e60b-4134-b73b-4bceadf9a9c2",
              "isHook": false,
              "skipped": false
            }
          ],
          "suites": [],
          "passes": [],
          "failures": [
            "7b7cf4f3-c8c9-45b7-8379-abd5d5d246da"
          ],
          "pending": [],
          "skipped": [],
          "duration": 5093,
          "root": false,
          "rootEmpty": false,
          "_timeout": 2000
        },
        {
          "uuid": "f8209fb0-4658-4696-811e-def37637d7d8",
          "title": "Test Scenario 11: DID URLs with versionId parameter",
          "fullFile": "",
          "file": "",
          "beforeHooks": [],
          "afterHooks": [],
          "tests": [
            {
              "title": "MUST return HTTP response status 200",
              "fullTitle": "Test Scenario 11: DID URLs with versionId parameter MUST return HTTP response status 200",
              "timedOut": null,
              "duration": 5105,
              "state": "failed",
              "speed": null,
              "pass": false,
              "fail": true,
              "pending": false,
              "context": null,
              "code": "cy.fixture(path_example_dids).its(\"versionIdDids\").then(list => {\n  Object.keys(list).forEach(key => {\n    const versionIdDid = list[key];\n    cy.request({\n      method: \"GET\",\n      url: endpoint + versionIdDid,\n      headers: {\n        Accept: \"application/did+ld+json\",\n        Authorization: \"Bearer b082c420-df67-4b06-899c-b7c51d75fba0\"\n      },\n      failOnStatusCode: false\n    }).as(\"request\");\n    cy.get(\"@request\").then(response => {\n      expect(response.status).to.eq(200);\n      expect(response).to.be.a(\"object\");\n      expect(response.headers[\"content-type\"]).contains(\"application/did+ld+json\");\n      expect(response.body).has.property(\"id\").contains(decodeURIComponent(versionIdDid.split(\"?\")[0]));\n    });\n  });\n});",
              "err": {
                "message": "CypressError: `cy.request()` timed out waiting `5000ms` for a response from your server.\n\nThe request we sent was:\n\nMethod: GET\nURL: https://dev.uniresolver.io/1.0/identifiers/did:sov:DjxRxnL4gXsncbH8jM8ySM?versionTime=2018-12-10T02:22:49Z\n\nNo response was received within the timeout.\n\nhttps://on.cypress.io/request",
                "estack": "CypressError: `cy.request()` timed out waiting `5000ms` for a response from your server.\n\nThe request we sent was:\n\nMethod: GET\nURL: https://dev.uniresolver.io/1.0/identifiers/did:sov:DjxRxnL4gXsncbH8jM8ySM?versionTime=2018-12-10T02:22:49Z\n\nNo response was received within the timeout.\n\nhttps://on.cypress.io/request\n    at http://localhost:46029/__cypress/runner/cypress_runner.js:160652:78\n    at tryCatcher (http://localhost:46029/__cypress/runner/cypress_runner.js:13022:23)\n    at http://localhost:46029/__cypress/runner/cypress_runner.js:8144:41\n    at tryCatcher (http://localhost:46029/__cypress/runner/cypress_runner.js:13022:23)\n    at Promise._settlePromiseFromHandler (http://localhost:46029/__cypress/runner/cypress_runner.js:10957:31)\n    at Promise._settlePromise (http://localhost:46029/__cypress/runner/cypress_runner.js:11014:18)\n    at Promise._settlePromise0 (http://localhost:46029/__cypress/runner/cypress_runner.js:11059:10)\n    at Promise._settlePromises (http://localhost:46029/__cypress/runner/cypress_runner.js:11135:18)\n    at _drainQueueStep (http://localhost:46029/__cypress/runner/cypress_runner.js:7729:12)\n    at _drainQueue (http://localhost:46029/__cypress/runner/cypress_runner.js:7722:9)\n    at Async.../../node_modules/bluebird/js/release/async.js.Async._drainQueues (http://localhost:46029/__cypress/runner/cypress_runner.js:7738:5)\n    at Async.drainQueues (http://localhost:46029/__cypress/runner/cypress_runner.js:7608:14)\nFrom Your Spec Code:\n    at eval (http://localhost:46029/__cypress/tests?p=cypress/integration/uniresolver_spec.js:611:14)\nat Array.forEach (<anonymous>)\n    at Context.eval (http://localhost:46029/__cypress/tests?p=cypress/integration/uniresolver_spec.js:609:27)",
                "diff": null
              },
              "uuid": "26698afc-8a0e-4658-af3c-d69f3c2c383d",
              "parentUUID": "f8209fb0-4658-4696-811e-def37637d7d8",
              "isHook": false,
              "skipped": false
            }
          ],
          "suites": [],
          "passes": [],
          "failures": [
            "26698afc-8a0e-4658-af3c-d69f3c2c383d"
          ],
          "pending": [],
          "skipped": [],
          "duration": 5105,
          "root": false,
          "rootEmpty": false,
          "_timeout": 2000
        },
        {
          "uuid": "b4ec827c-878a-410b-b433-323eed56872a",
          "title": "Test Scenario 12: Resolve a DID / dereference a DID URL",
          "fullFile": "",
          "file": "",
          "beforeHooks": [],
          "afterHooks": [],
          "tests": [
            {
              "title": "MUST return HTTP response status 200",
              "fullTitle": "Test Scenario 12: Resolve a DID / dereference a DID URL MUST return HTTP response status 200",
              "timedOut": null,
              "duration": 188,
              "state": "failed",
              "speed": null,
              "pass": false,
              "fail": true,
              "pending": false,
              "context": null,
              "code": "cy.fixture(path_example_dids).its(\"normalDids\").then(list => {\n  Object.keys(list).forEach(key => {\n    const normalDid = list[key];\n    cy.request({\n      method: \"GET\",\n      url: endpoint + normalDid,\n      headers: {\n        Accept: \"application/json\"\n      },\n      failOnStatusCode: false\n    }).as(\"request\");\n    cy.get(\"@request\").then(response => {\n      console.log(\"normal did is:\", normalDid);\n      expect(response.status).to.eq(200);\n      expect(response.headers[\"content-type\"]).contains(\"application/did+json;charset=utf-8\");\n      expect(response.body).has.property(\"id\", normalDid); // expect(response.body[\"keyAgreement\"][0]).to.contain(normalDid);\n    });\n  });\n});",
              "err": {
                "message": "AssertionError: expected 404 to equal 200",
                "estack": "AssertionError: expected 404 to equal 200\n    at Context.eval (http://localhost:46029/__cypress/tests?p=cypress/integration/uniresolver_spec.js:648:40)",
                "diff": "- 404\n+ 200\n"
              },
              "uuid": "a46d3a66-6a01-4498-91dd-fa040d3b7e42",
              "parentUUID": "b4ec827c-878a-410b-b433-323eed56872a",
              "isHook": false,
              "skipped": false
            }
          ],
          "suites": [],
          "passes": [],
          "failures": [
            "a46d3a66-6a01-4498-91dd-fa040d3b7e42"
          ],
          "pending": [],
          "skipped": [],
          "duration": 188,
          "root": false,
          "rootEmpty": false,
          "_timeout": 2000
        },
        {
          "uuid": "cb2a27b6-4aeb-4fee-9753-1072dba9a86a",
          "title": "Test Scenario 12B: Resolve a DID / dereference a DID URL",
          "fullFile": "",
          "file": "",
          "beforeHooks": [],
          "afterHooks": [],
          "tests": [
            {
              "title": "MUST return HTTP response status 200",
              "fullTitle": "Test Scenario 12B: Resolve a DID / dereference a DID URL MUST return HTTP response status 200",
              "timedOut": null,
              "duration": 154,
              "state": "failed",
              "speed": null,
              "pass": false,
              "fail": true,
              "pending": false,
              "context": null,
              "code": "cy.fixture(path_example_dids).its(\"normalDids\").then(list => {\n  Object.keys(list).forEach(key => {\n    const normalDid = list[key];\n    cy.request({\n      method: \"GET\",\n      url: endpoint + normalDid,\n      headers: {\n        Accept: 'application/ld+json;profile=\"https://w3c-ccg.github.io/did-resolution/\"'\n      },\n      failOnStatusCode: false\n    }).as(\"request\");\n    cy.get(\"@request\").then(response => {\n      console.log(\"normal did is:\", normalDid);\n      expect(response.status).to.eq(200);\n      expect(response.headers[\"content-type\"]).contains('application/ld+json; profile=\"https://w3c-ccg.github.io/did-resolution/\"');\n    });\n  });\n});",
              "err": {
                "message": "AssertionError: expected 404 to equal 200",
                "estack": "AssertionError: expected 404 to equal 200\n    at Context.eval (http://localhost:46029/__cypress/tests?p=cypress/integration/uniresolver_spec.js:675:40)",
                "diff": "- 404\n+ 200\n"
              },
              "uuid": "335886be-7521-4411-b6dc-293714136487",
              "parentUUID": "cb2a27b6-4aeb-4fee-9753-1072dba9a86a",
              "isHook": false,
              "skipped": false
            }
          ],
          "suites": [],
          "passes": [],
          "failures": [
            "335886be-7521-4411-b6dc-293714136487"
          ],
          "pending": [],
          "skipped": [],
          "duration": 154,
          "root": false,
          "rootEmpty": false,
          "_timeout": 2000
        }
      ],
      "passes": [],
      "failures": [],
      "pending": [],
      "skipped": [],
      "duration": 0,
      "root": true,
      "rootEmpty": true,
      "_timeout": 2000
    }
  ],
  "meta": {
    "mocha": {
      "version": "7.0.1"
    },
    "mochawesome": {
      "options": {
        "quiet": false,
        "reportFilename": "mochawesome",
        "saveHtml": false,
        "saveJson": true,
        "consoleReporter": "spec",
        "useInlineDiffs": false,
        "code": true
      },
      "version": "7.1.2"
    },
    "marge": {
      "options": {
        "reportDir": "reports/mocha",
        "configFile": "reporterOpts.json",
        "overwrite": false,
        "html": false,
        "json": true
      },
      "version": "6.1.1"
    }
  }
}